/mnt/c/Users/ADMIN/Desktop/MRI/alzheimer
/usr/local/freesurfer/8.1.0/bin/talairach_avi
--i /mnt/c/Users/ADMIN/Desktop/MRI/alzheimer/subjects2/OAS1_0001_MR1_mpr_n4_anon_sbj_111/mri/orig.mgz --xfm /mnt/c/Users/ADMIN/Desktop/MRI/alzheimer/subjects2/OAS1_0001_MR1_mpr_n4_anon_sbj_111/mri/transforms/talairach.xfm
talairach_avi 8.1.0
Linux DESKTOP-L5O6QCU 6.6.87.2-microsoft-standard-WSL2 #1 SMP PREEMPT_DYNAMIC Thu Jun  5 18:30:46 UTC 2025 x86_64 x86_64 x86_64 GNU/Linux
Sat Feb 14 18:24:48 +07 2026
mri_convert /mnt/c/Users/ADMIN/Desktop/MRI/alzheimer/subjects2/OAS1_0001_MR1_mpr_n4_anon_sbj_111/mri/orig.mgz talsrcimg.img 
reading from /mnt/c/Users/ADMIN/Desktop/MRI/alzheimer/subjects2/OAS1_0001_MR1_mpr_n4_anon_sbj_111/mri/orig.mgz...
TR=0.00, TE=0.00, TI=0.00, flip angle=0.00
i_ras = (-1, 0, 0)
j_ras = (0, 0, -1)
k_ras = (0, 1, 0)
writing to talsrcimg.img...
Analyze Output Matrix
-1.00000   0.00000   0.00000   129.00000;
 0.00000   0.00000   1.00000  -129.00000;
 0.00000  -1.00000   0.00000   129.00000;
 0.00000   0.00000   0.00000   1.00000;
--------------------
INFO: set hdr.hist.orient to -1
mpr2mni305 talsrcimg
Sat Feb 14 18:24:49 +07 2026
/usr/local/freesurfer/8.1.0/bin/mpr2mni305 talsrcimg
mpr2mni305 8.1.0
target=711-2C_as_mni_average_305

---------------------------------------------------------------------
analyzeto4dfp talsrcimg -O0 -y
---------------------------------------------------------------------

freesurfer ifh2hdr.c
Sat Feb 14 18:24:49 2026
Writing: talsrcimg.4dfp.hdr
freesurfer analyzeto4dfp.c
Reading: talsrcimg.hdr
header size 348 bytes
hdr.dime.datatype	offset=70	value=2
hdr.dime.bitpix		offset=72	value=8
hdr.hist.orient		offset=252	value=-1
dimensionality     4
dimensions       256       256       256         1
Reading: talsrcimg.img
Writing: talsrcimg.4dfp.img
Writing: talsrcimg.4dfp.ifh
ifh2hdr talsrcimg -r0to255
ori=2

---------------------------------------------------------------------
gauss_4dfp talsrcimg 1.1
---------------------------------------------------------------------

freesurfer gauss_4dfp.c
Reading: talsrcimg.4dfp.img
Writing: talsrcimg_g11.4dfp.img
image dimensions 256 256 256 padded to 288 288 288
processing volume 1freesurfer ifh2hdr.c
Sat Feb 14 18:24:52 2026
Writing: talsrcimg_g11.4dfp.hdr

Writing: talsrcimg_g11.4dfp.ifh
including: talsrcimg.4dfp.img.rec in talsrcimg_g11.4dfp.img.rec

---------------------------------------------------------------------
imgreg_4dfp /usr/local/freesurfer/8.1.0/average/711-2C_as_mni_average_305 none talsrcimg_g11 none talsrcimg_to_711-2C_as_mni_average_305_t4 4355
---------------------------------------------------------------------

freesurfer imgreg_4dfp.c
/usr/local/freesurfer/8.1.0/average/711-2C_as_mni_average_305.4dfp.img
       256       256       256         1
  1.000000  1.000000  1.000000
orientation T byte_order littleendian
Reading image: /usr/local/freesurfer/8.1.0/average/711-2C_as_mni_average_305.4dfp.img
dimensions:      256       256       256
mmppix:       1.0000   -1.0000   -1.0000
center:     128.0000 -129.0000 -129.0000
talsrcimg_g11.4dfp.img
       256       256       256         1
  1.000000  1.000000  1.000000
orientation T byte_order littleendian
Reading image: talsrcimg_g11.4dfp.img
dimensions:      256       256       256
mmppix:       1.0000   -1.0000   -1.0000
center:     128.0000 -129.0000 -129.0000
t4_read: open error in t4_sub.f l:  41 t4_file(1:l)talsrcimg_to_711-2C_as_mni_average_305_t4 
t4_read: transform initialized to I4
rotation matrix determinant  1.000000
image alignment mode   4355 decimal     1103 hex
   -7.5000  -45.0000  -45.0000 7938.3462   14.9324
    0.0000  -45.0000  -45.0000 8262.3281   14.9874
    7.5000  -45.0000  -45.0000 7905.7349   14.9891
   -7.5000  -37.5000  -45.0000 8412.0195   14.9032
    0.0000  -37.5000  -45.0000 8748.2119   14.9554
    7.5000  -37.5000  -45.0000 8370.0771   14.9630
   -7.5000  -30.0000  -45.0000 9170.4922   14.8639
    0.0000  -30.0000  -45.0000 9535.4199   14.9131
    7.5000  -30.0000  -45.0000 9135.3691   14.9284
   -7.5000  -22.5000  -45.0000 9881.3564   14.8378
    0.0000  -22.5000  -45.000010281.2471   14.8880
    7.5000  -22.5000  -45.0000 9825.4717   14.9052
   -7.5000  -15.0000  -45.000010472.8057   14.8337
    0.0000  -15.0000  -45.000010940.8535   14.8865
    7.5000  -15.0000  -45.000010381.4600   14.8996
   -7.5000   -7.5000  -45.000011050.3701   14.8568
    0.0000   -7.5000  -45.000011522.3301   14.9111
    7.5000   -7.5000  -45.000010931.8877   14.9163
   -7.5000    0.0000  -45.000011458.3818   14.8845
    0.0000    0.0000  -45.000011952.9023   14.9391
    7.5000    0.0000  -45.000011314.4053   14.9408
   -7.5000    7.5000  -45.000010923.7861   14.8874
    0.0000    7.5000  -45.000011397.4326   14.9394
    7.5000    7.5000  -45.000010770.8467   14.9470
   -7.5000   15.0000  -45.000010225.3252   14.8637
    0.0000   15.0000  -45.000010622.8584   14.9129
    7.5000   15.0000  -45.000010062.1885   14.9282
   -7.5000   22.5000  -45.0000 9451.9199   14.8357
    0.0000   22.5000  -45.0000 9816.8164   14.8860
    7.5000   22.5000  -45.0000 9297.8438   14.9032
   -7.5000   30.0000  -45.0000 8651.9277   14.6576
    0.0000   30.0000  -45.0000 8974.9707   14.7097
    7.5000   30.0000  -45.0000 8512.1875   14.7226
   -7.5000   37.5000  -45.0000 8203.2549   14.7648
    0.0000   37.5000  -45.0000 8466.6367   14.8183
    7.5000   37.5000  -45.0000 8048.2759   14.8231
   -7.5000   45.0000  -45.0000 7531.0088   14.5931
    0.0000   45.0000  -45.0000 7746.5166   14.6466
    7.5000   45.0000  -45.0000 7366.1104   14.6491
   -7.5000  -45.0000  -37.5000 8517.7021   14.8982
    0.0000  -45.0000  -37.5000 8868.0215   14.9437
    7.5000  -45.0000  -37.5000 8479.8418   14.9422
   -7.5000  -37.5000  -37.5000 9028.6387   14.8765
    0.0000  -37.5000  -37.5000 9406.2256   14.9171
    7.5000  -37.5000  -37.5000 8991.9531   14.9209
   -7.5000  -30.0000  -37.5000 9847.9492   14.8490
    0.0000  -30.0000  -37.500010264.2568   14.8870
    7.5000  -30.0000  -37.5000 9794.4395   14.8963
   -7.5000  -22.5000  -37.500010594.7783   14.8269
    0.0000  -22.5000  -37.500011063.7207   14.8686
    7.5000  -22.5000  -37.500010512.0225   14.8782
   -7.5000  -15.0000  -37.500011207.2246   14.8168
    0.0000  -15.0000  -37.500011761.9746   14.8634
    7.5000  -15.0000  -37.500011109.2812   14.8690
   -7.5000   -7.5000  -37.500011792.7822   14.8286
    0.0000   -7.5000  -37.500012347.7021   14.8762
    7.5000   -7.5000  -37.500011657.2041   14.8764
   -7.5000    0.0000  -37.500012207.9600   14.8506
    0.0000    0.0000  -37.500012824.8867   14.8959
    7.5000    0.0000  -37.500012050.9463   14.8943
   -7.5000    7.5000  -37.500011655.4326   14.8607
    0.0000    7.5000  -37.500012221.1240   14.9013
    7.5000    7.5000  -37.500011485.6348   14.9050
   -7.5000   15.0000  -37.500010914.4102   14.8489
    0.0000   15.0000  -37.500011412.8701   14.8868
    7.5000   15.0000  -37.500010728.7842   14.8961
   -7.5000   22.5000  -37.500010085.0869   14.8249
    0.0000   22.5000  -37.500010533.0781   14.8665
    7.5000   22.5000  -37.5000 9898.8936   14.8761
   -7.5000   30.0000  -37.5000 9218.2314   14.6408
    0.0000   30.0000  -37.5000 9579.2695   14.6867
    7.5000   30.0000  -37.5000 9044.4531   14.6922
   -7.5000   37.5000  -37.5000 8699.8994   14.7346
    0.0000   37.5000  -37.5000 9012.6807   14.7815
    7.5000   37.5000  -37.5000 8530.8691   14.7813
   -7.5000   45.0000  -37.5000 7948.0142   14.5560
    0.0000   45.0000  -37.5000 8222.0293   14.6004
    7.5000   45.0000  -37.5000 7791.9702   14.6001
   -7.5000  -45.0000  -30.0000 9276.7764   15.5086
    0.0000  -45.0000  -30.0000 9620.8359   15.5458
    7.5000  -45.0000  -30.0000 9221.8076   15.5434
   -7.5000  -37.5000  -30.0000 9846.5215   15.4829
    0.0000  -37.5000  -30.000010216.9180   15.5153
    7.5000  -37.5000  -30.0000 9783.8662   15.5182
   -7.5000  -30.0000  -30.000010715.8877   15.4571
    0.0000  -30.0000  -30.000011145.4102   15.4862
    7.5000  -30.0000  -30.000010628.8379   15.4932
   -7.5000  -22.5000  -30.000011493.4160   15.4402
    0.0000  -22.5000  -30.000011986.6416   15.4718
    7.5000  -22.5000  -30.000011377.4658   15.4772
   -7.5000  -15.0000  -30.000012147.3135   15.4335
    0.0000  -15.0000  -30.000012716.1689   15.4698
    7.5000  -15.0000  -30.000012015.9150   15.4709
   -7.5000   -7.5000  -30.000012750.9062   15.4430
    0.0000   -7.5000  -30.000013355.3252   15.4813
    7.5000   -7.5000  -30.000012611.3555   15.4787
   -7.5000    0.0000  -30.000013184.6865   15.4592
    0.0000    0.0000  -30.000013871.1445   15.4962
    7.5000    0.0000  -30.000013014.8340   15.4938
   -7.5000    7.5000  -30.000012578.4385   15.4665
    0.0000    7.5000  -30.000013215.7617   15.4988
    7.5000    7.5000  -30.000012389.2373   15.5016
   -7.5000   15.0000  -30.000011786.4922   15.4569
    0.0000   15.0000  -30.000012357.1074   15.4860
    7.5000   15.0000  -30.000011563.2119   15.4930
   -7.5000   22.5000  -30.000010905.0283   15.4365
    0.0000   22.5000  -30.000011432.0791   15.4681
    7.5000   22.5000  -30.000010687.0996   15.4735
   -7.5000   30.0000  -30.0000 9939.3271   15.2517
    0.0000   30.0000  -30.000010374.0498   15.2873
    7.5000   30.0000  -30.0000 9747.8652   15.2883
   -7.5000   37.5000  -30.0000 9351.6758   15.3440
    0.0000   37.5000  -30.0000 9722.5732   15.3818
    7.5000   37.5000  -30.0000 9169.3643   15.3785
   -7.5000   45.0000  -30.0000 8534.4805   15.1592
    0.0000   45.0000  -30.0000 8831.7500   15.1956
    7.5000   45.0000  -30.0000 8349.5537   15.1942
   -7.5000  -45.0000  -22.500010082.3232   16.0512
    0.0000  -45.0000  -22.500010452.2090   16.0895
    7.5000  -45.0000  -22.500010004.4189   16.0895
   -7.5000  -37.5000  -22.500010677.7549   16.0114
    0.0000  -37.5000  -22.500011080.9941   16.0484
    7.5000  -37.5000  -22.500010599.0918   16.0544
   -7.5000  -30.0000  -22.500011606.1270   15.9731
    0.0000  -30.0000  -22.500012050.1396   16.0059
    7.5000  -30.0000  -22.500011521.0576   16.0173
   -7.5000  -22.5000  -22.500012400.6748   15.9577
    0.0000  -22.5000  -22.500012919.6221   15.9880
    7.5000  -22.5000  -22.500012303.4756   15.9978
   -7.5000  -15.0000  -22.500013085.9443   15.9632
    0.0000  -15.0000  -22.500013653.2246   15.9940
    7.5000  -15.0000  -22.500012966.9150   15.9988
   -7.5000   -7.5000  -22.500013729.3262   15.9839
    0.0000   -7.5000  -22.500014369.1260   16.0185
    7.5000   -7.5000  -22.500013605.6748   16.0188
   -7.5000    0.0000  -22.500014240.8770   16.0000
    0.0000    0.0000  -22.500014955.9414   16.0381
    7.5000    0.0000  -22.500014077.7930   16.0380
   -7.5000    7.5000  -22.500013608.6689   15.9944
    0.0000    7.5000  -22.500014283.3467   16.0313
    7.5000    7.5000  -22.500013379.1484   16.0373
   -7.5000   15.0000  -22.500012717.3398   15.9729
    0.0000   15.0000  -22.500013347.7920   16.0057
    7.5000   15.0000  -22.500012465.3809   16.0171
   -7.5000   22.5000  -22.500011748.3916   15.9528
    0.0000   22.5000  -22.500012311.4307   15.9831
    7.5000   22.5000  -22.500011522.0576   15.9929
   -7.5000   30.0000  -22.500010724.9512   15.7776
    0.0000   30.0000  -22.500011239.2617   15.8079
    7.5000   30.0000  -22.500010522.4902   15.8126
   -7.5000   37.5000  -22.500010109.9922   15.8837
    0.0000   37.5000  -22.500010557.9873   15.9179
    7.5000   37.5000  -22.5000 9908.0361   15.9170
   -7.5000   45.0000  -22.5000 9193.8398   15.7009
    0.0000   45.0000  -22.5000 9563.0547   15.7382
    7.5000   45.0000  -22.5000 9000.7646   15.7384
   -7.5000  -45.0000  -15.000010838.6055   16.4511
    0.0000  -45.0000  -15.000011266.3994   16.4998
    7.5000  -45.0000  -15.000010727.3564   16.5023
   -7.5000  -37.5000  -15.000011462.6865   16.4015
    0.0000  -37.5000  -15.000011937.0039   16.4514
    7.5000  -37.5000  -15.000011362.7598   16.4610
   -7.5000  -30.0000  -15.000012495.9473   16.3493
    0.0000  -30.0000  -15.000013035.9375   16.3946
    7.5000  -30.0000  -15.000012395.8252   16.4120
   -7.5000  -22.5000  -15.000013318.9697   16.3297
    0.0000  -22.5000  -15.000013939.1475   16.3686
    7.5000  -22.5000  -15.000013228.9971   16.3866
   -7.5000  -15.0000  -15.000014026.2920   16.3429
    0.0000  -15.0000  -15.000014691.3330   16.3791
    7.5000  -15.0000  -15.000013941.5098   16.3920
   -7.5000   -7.5000  -15.000014767.1670   16.3767
    0.0000   -7.5000  -15.000015494.8457   16.4178
    7.5000   -7.5000  -15.000014638.1797   16.4231
   -7.5000    0.0000  -15.000015413.0645   16.3985
    0.0000    0.0000  -15.000016200.9873   16.4469
    7.5000    0.0000  -15.000015220.0830   16.4493
   -7.5000    7.5000  -15.000014719.2061   16.3841
    0.0000    7.5000  -15.000015453.2598   16.4339
    7.5000    7.5000  -15.000014477.9570   16.4434
   -7.5000   15.0000  -15.000013725.8730   16.3491
    0.0000   15.0000  -15.000014398.2549   16.3943
    7.5000   15.0000  -15.000013501.8574   16.4118
   -7.5000   22.5000  -15.000012656.2031   16.3239
    0.0000   22.5000  -15.000013292.9199   16.3628
    7.5000   22.5000  -15.000012445.3506   16.3808
   -7.5000   30.0000  -15.000011550.2725   16.1551
    0.0000   30.0000  -15.000012139.1318   16.1909
    7.5000   30.0000  -15.000011353.5908   16.2036
   -7.5000   37.5000  -15.000010943.5957   16.2784
    0.0000   37.5000  -15.000011467.1709   16.3188
    7.5000   37.5000  -15.000010739.3672   16.3229
   -7.5000   45.0000  -15.0000 9951.3564   16.1050
    0.0000   45.0000  -15.000010382.8750   16.1523
    7.5000   45.0000  -15.0000 9756.2852   16.1544
   -7.5000  -45.0000   -7.500011559.7510   16.6481
    0.0000  -45.0000   -7.500012068.1738   16.7078
    7.5000  -45.0000   -7.500011443.2793   16.7113
   -7.5000  -37.5000   -7.500012240.5449   16.6032
    0.0000  -37.5000   -7.500012816.6445   16.6627
    7.5000  -37.5000   -7.500012147.1924   16.6734
   -7.5000  -30.0000   -7.500013377.6445   16.5493
    0.0000  -30.0000   -7.500014033.6533   16.6046
    7.5000  -30.0000   -7.500013276.7773   16.6247
   -7.5000  -22.5000   -7.500014375.6182   16.5230
    0.0000  -22.5000   -7.500015127.9326   16.5743
    7.5000  -22.5000   -7.500014299.3252   16.5966
   -7.5000  -15.0000   -7.500015184.9209   16.5306
    0.0000  -15.0000   -7.500015990.0811   16.5809
    7.5000  -15.0000   -7.500015142.8643   16.5982
   -7.5000   -7.5000   -7.500016008.9795   16.5658
    0.0000   -7.5000   -7.500016873.9863   16.6199
    7.5000   -7.5000   -7.500015883.4678   16.6279
   -7.5000    0.0000   -7.500016651.8262   16.5949
    0.0000    0.0000   -7.500017516.9766   16.6541
    7.5000    0.0000   -7.500016447.7012   16.6575
   -7.5000    7.5000   -7.500015827.1211   16.5856
    0.0000    7.5000   -7.500016584.3418   16.6450
    7.5000    7.5000   -7.500015601.5557   16.6556
   -7.5000   15.0000   -7.500014717.7617   16.5491
    0.0000   15.0000   -7.500015405.4805   16.6044
    7.5000   15.0000   -7.500014550.8799   16.6245
   -7.5000   22.5000   -7.500013562.3223   16.5154
    0.0000   22.5000   -7.500014255.2207   16.5667
    7.5000   22.5000   -7.500013432.9961   16.5889
   -7.5000   30.0000   -7.500012452.5713   16.3402
    0.0000   30.0000   -7.500013108.4033   16.3898
    7.5000   30.0000   -7.500012286.3848   16.4071
   -7.5000   37.5000   -7.500011835.3867   16.4684
    0.0000   37.5000   -7.500012428.2275   16.5216
    7.5000   37.5000   -7.500011604.7588   16.5287
   -7.5000   45.0000   -7.500010726.8115   16.3052
    0.0000   45.0000   -7.500011209.1260   16.3632
    7.5000   45.0000   -7.500010497.6533   16.3668
   -7.5000  -45.0000    0.000012075.8506   16.6769
    0.0000  -45.0000    0.000012598.3594   16.7382
    7.5000  -45.0000    0.000011981.3555   16.7400
   -7.5000  -37.5000    0.000012823.9355   16.6442
    0.0000  -37.5000    0.000013399.7979   16.7023
    7.5000  -37.5000    0.000012717.0420   16.7107
   -7.5000  -30.0000    0.000014093.6699   16.6004
    0.0000  -30.0000    0.000014803.5859   16.6551
    7.5000  -30.0000    0.000013976.4531   16.6722
   -7.5000  -22.5000    0.000015342.7725   16.5712
    0.0000  -22.5000    0.000016167.8369   16.6272
    7.5000  -22.5000    0.000015237.3701   16.6464
   -7.5000  -15.0000    0.000016334.5840   16.5669
    0.0000  -15.0000    0.000017178.1406   16.6257
    7.5000  -15.0000    0.000016283.2236   16.6403
   -7.5000   -7.5000    0.000017005.2852   16.5927
    0.0000   -7.5000    0.000017755.9434   16.6532
    7.5000   -7.5000    0.000016962.1543   16.6590
   -7.5000    0.0000    0.000017465.4531   16.6235
    0.0000    0.0000    0.000018195.7402   16.6844
    7.5000    0.0000    0.000017382.8457   16.6862
   -7.5000    7.5000    0.000016582.0371   16.6265
    0.0000    7.5000    0.000017303.9082   16.6845
    7.5000    7.5000    0.000016433.3203   16.6929
   -7.5000   15.0000    0.000015540.0244   16.6001
    0.0000   15.0000    0.000016218.2871   16.6549
    7.5000   15.0000    0.000015337.5137   16.6720
   -7.5000   22.5000    0.000014463.1387   16.5636
    0.0000   22.5000    0.000015159.3994   16.6196
    7.5000   22.5000    0.000014236.4414   16.6388
   -7.5000   30.0000    0.000013332.8330   16.3765
    0.0000   30.0000    0.000014001.5547   16.4345
    7.5000   30.0000    0.000013059.8066   16.4490
   -7.5000   37.5000    0.000012602.9326   16.4961
    0.0000   37.5000    0.000013224.7305   16.5558
    7.5000   37.5000    0.000012297.2129   16.5612
   -7.5000   45.0000    0.000011368.4053   16.3358
    0.0000   45.0000    0.000011881.9023   16.3956
    7.5000   45.0000    0.000011090.3066   16.3984
   -7.5000  -45.0000    7.500011670.2764   16.6634
    0.0000  -45.0000    7.500012155.1875   16.7143
    7.5000  -45.0000    7.500011651.1748   16.7126
   -7.5000  -37.5000    7.500012349.1992   16.6390
    0.0000  -37.5000    7.500012854.1787   16.6845
    7.5000  -37.5000    7.500012317.2598   16.6887
   -7.5000  -30.0000    7.500013612.8369   16.6083
    0.0000  -30.0000    7.500014184.4805   16.6507
    7.5000  -30.0000    7.500013559.3535   16.6612
   -7.5000  -22.5000    7.500014871.8037   16.5835
    0.0000  -22.5000    7.500015601.4258   16.6301
    7.5000  -22.5000    7.500014827.9512   16.6408
   -7.5000  -15.0000    7.500016002.6934   16.5722
    0.0000  -15.0000    7.500016631.7656   16.6244
    7.5000  -15.0000    7.500015990.3076   16.6307
   -7.5000   -7.5000    7.500016656.5957   16.5855
    0.0000   -7.5000    7.500017116.3672   16.6387
    7.5000   -7.5000    7.500016633.6113   16.6390
   -7.5000    0.0000    7.500017100.5664   16.6102
    0.0000    0.0000    7.500017606.7344   16.6608
    7.5000    0.0000    7.500016974.0117   16.6590
   -7.5000    7.5000    7.500016262.3926   16.6214
    0.0000    7.5000    7.500016865.9141   16.6668
    7.5000    7.5000    7.500016043.1963   16.6709
   -7.5000   15.0000    7.500015247.0156   16.6080
    0.0000   15.0000    7.500015854.7666   16.6505
    7.5000   15.0000    7.500014942.4258   16.6609
   -7.5000   22.5000    7.500014236.0195   16.5758
    0.0000   22.5000    7.500014900.6875   16.6224
    7.5000   22.5000    7.500013875.1895   16.6332
   -7.5000   30.0000    7.500013096.9648   16.3818
    0.0000   30.0000    7.500013762.7510   16.4331
    7.5000   30.0000    7.500012702.7812   16.4393
   -7.5000   37.5000    7.500012312.2031   16.4867
    0.0000   37.5000    7.500012924.5332   16.5393
    7.5000   37.5000    7.500011946.5049   16.5390
   -7.5000   45.0000    7.500011011.6211   16.3188
    0.0000   45.0000    7.500011545.1455   16.3686
    7.5000   45.0000    7.500010741.6807   16.3683
   -7.5000  -45.0000   15.000011175.8105   16.6537
    0.0000  -45.0000   15.000011607.3359   16.6937
    7.5000  -45.0000   15.000011166.4775   16.6911
   -7.5000  -37.5000   15.000011777.7510   16.6261
    0.0000  -37.5000   15.000012192.4746   16.6609
    7.5000  -37.5000   15.000011764.2598   16.6639
   -7.5000  -30.0000   15.000012908.1904   16.5984
    0.0000  -30.0000   15.000013366.6562   16.6296
    7.5000  -30.0000   15.000012891.5342   16.6371
   -7.5000  -22.5000   15.000014097.2314   16.5802
    0.0000  -22.5000   15.000014715.9688   16.6142
    7.5000  -22.5000   15.000014105.3340   16.6200
   -7.5000  -15.0000   15.000015197.8115   16.5730
    0.0000  -15.0000   15.000015784.7090   16.6120
    7.5000  -15.0000   15.000015175.0010   16.6132
   -7.5000   -7.5000   15.000015935.0293   16.5832
    0.0000   -7.5000   15.000016501.7539   16.6243
    7.5000   -7.5000   15.000015799.4277   16.6216
   -7.5000    0.0000   15.000016461.1719   16.6007
    0.0000    0.0000   15.000017157.4961   16.6403
    7.5000    0.0000   15.000016229.2031   16.6378
   -7.5000    7.5000   15.000015676.5410   16.6085
    0.0000    7.5000   15.000016369.2598   16.6432
    7.5000    7.5000   15.000015392.9326   16.6462
   -7.5000   15.0000   15.000014620.1172   16.5981
    0.0000   15.0000   15.000015211.9297   16.6294
    7.5000   15.0000   15.000014323.1201   16.6369
   -7.5000   22.5000   15.000013563.1904   16.5726
    0.0000   22.5000   15.000014149.4873   16.6065
    7.5000   22.5000   15.000013249.2139   16.6124
   -7.5000   30.0000   15.000012413.6650   16.3826
    0.0000   30.0000   15.000013027.2051   16.4209
    7.5000   30.0000   15.000012117.9121   16.4219
   -7.5000   37.5000   15.000011674.5684   16.4818
    0.0000   37.5000   15.000012202.0664   16.5224
    7.5000   37.5000   15.000011401.2314   16.5188
   -7.5000   45.0000   15.000010481.9609   16.3049
    0.0000   45.0000   15.000010938.8291   16.3440
    7.5000   45.0000   15.000010246.4443   16.3425
   -7.5000  -45.0000   22.500010624.7637   16.6807
    0.0000  -45.0000   22.500011042.3271   16.7206
    7.5000  -45.0000   22.500010608.2217   16.7206
   -7.5000  -37.5000   22.500011145.4023   16.6392
    0.0000  -37.5000   22.500011576.4570   16.6778
    7.5000  -37.5000   22.500011131.8330   16.6841
   -7.5000  -30.0000   22.500012193.2559   16.5994
    0.0000  -30.0000   22.500012652.4404   16.6336
    7.5000  -30.0000   22.500012198.3125   16.6455
   -7.5000  -22.5000   22.500013324.4834   16.5834
    0.0000  -22.5000   22.500013877.2705   16.6149
    7.5000  -22.5000   22.500013325.8643   16.6251
   -7.5000  -15.0000   22.500014315.1807   16.5891
    0.0000  -15.0000   22.500014806.8623   16.6211
    7.5000  -15.0000   22.500014258.5225   16.6262
   -7.5000   -7.5000   22.500014929.0312   16.6107
    0.0000   -7.5000   22.500015442.4521   16.6467
    7.5000   -7.5000   22.500014823.8516   16.6470
   -7.5000    0.0000   22.500015444.4219   16.6274
    0.0000    0.0000   22.500016044.2197   16.6670
    7.5000    0.0000   22.500015292.2100   16.6670
   -7.5000    7.5000   22.500014738.1094   16.6216
    0.0000    7.5000   22.500015308.9414   16.6601
    7.5000    7.5000   22.500014565.7676   16.6663
   -7.5000   15.0000   22.500013750.2402   16.5992
    0.0000   15.0000   22.500014265.3359   16.6334
    7.5000   15.0000   22.500013546.7295   16.6453
   -7.5000   22.5000   22.500012697.5439   16.5758
    0.0000   22.5000   22.500013194.0146   16.6072
    7.5000   22.5000   22.500012477.1436   16.6175
   -7.5000   30.0000   22.500011572.4746   16.3986
    0.0000   30.0000   22.500012078.1895   16.4300
    7.5000   30.0000   22.500011376.1045   16.4350
   -7.5000   37.5000   22.500010892.5547   16.5090
    0.0000   37.5000   22.500011360.0986   16.5445
    7.5000   37.5000   22.500010711.1572   16.5436
   -7.5000   45.0000   22.5000 9811.3789   16.3311
    0.0000   45.0000   22.500010194.9414   16.3700
    7.5000   45.0000   22.5000 9641.3877   16.3702
   -7.5000  -45.0000   30.0000 9981.7607   16.7710
    0.0000  -45.0000   30.000010399.6797   16.8209
    7.5000  -45.0000   30.0000 9960.3301   16.8232
   -7.5000  -37.5000   30.000010476.1064   16.7201
    0.0000  -37.5000   30.000010928.3457   16.7713
    7.5000  -37.5000   30.000010482.7881   16.7809
   -7.5000  -30.0000   30.000011428.1377   16.6667
    0.0000  -30.0000   30.000011929.7344   16.7130
    7.5000  -30.0000   30.000011456.3232   16.7309
   -7.5000  -22.5000   30.000012391.2217   16.6467
    0.0000  -22.5000   30.000012949.7949   16.6866
    7.5000  -22.5000   30.000012420.7617   16.7050
   -7.5000  -15.0000   30.000013202.4375   16.6604
    0.0000  -15.0000   30.000013706.8818   16.6974
    7.5000  -15.0000   30.000013189.8867   16.7105
   -7.5000   -7.5000   30.000013790.2090   16.6949
    0.0000   -7.5000   30.000014292.5938   16.7370
    7.5000   -7.5000   30.000013741.4688   16.7422
   -7.5000    0.0000   30.000014234.4668   16.7171
    0.0000    0.0000   30.000014781.5352   16.7666
    7.5000    0.0000   30.000014175.2773   16.7688
   -7.5000    7.5000   30.000013506.4082   16.7023
    0.0000    7.5000   30.000014027.6182   16.7533
    7.5000    7.5000   30.000013445.5254   16.7629
   -7.5000   15.0000   30.000012589.7598   16.6665
    0.0000   15.0000   30.000013102.6504   16.7128
    7.5000   15.0000   30.000012500.9150   16.7307
   -7.5000   22.5000   30.000011640.0791   16.6391
    0.0000   22.5000   30.000012119.9932   16.6789
    7.5000   22.5000   30.000011514.6855   16.6973
   -7.5000   30.0000   30.000010633.9033   16.4691
    0.0000   30.0000   30.000011088.6592   16.5057
    7.5000   30.0000   30.000010512.9834   16.5185
   -7.5000   37.5000   30.000010014.6729   16.5953
    0.0000   37.5000   30.000010428.0527   16.6367
    7.5000   37.5000   30.0000 9905.9375   16.6407
   -7.5000   45.0000   30.0000 9036.0576   16.4240
    0.0000   45.0000   30.0000 9356.7676   16.4724
    7.5000   45.0000   30.0000 8915.5225   16.4744
   -7.5000  -45.0000   37.5000 9695.2422   17.0015
    0.0000  -45.0000   37.500010146.2871   17.0636
    7.5000  -45.0000   37.5000 9680.3359   17.0667
   -7.5000  -37.5000   37.500010171.8936   16.9547
    0.0000  -37.5000   37.500010643.7148   17.0167
    7.5000  -37.5000   37.500010168.6895   17.0273
   -7.5000  -30.0000   37.500011050.1035   16.8985
    0.0000  -30.0000   37.500011597.6709   16.9563
    7.5000  -30.0000   37.500011065.2393   16.9768
   -7.5000  -22.5000   37.500011910.9258   16.8712
    0.0000  -22.5000   37.500012489.2812   16.9249
    7.5000  -22.5000   37.500011922.9688   16.9480
   -7.5000  -15.0000   37.500012627.0654   16.8792
    0.0000  -15.0000   37.500013132.5742   16.9316
    7.5000  -15.0000   37.500012587.5518   16.9497
   -7.5000   -7.5000   37.500013207.7969   16.9159
    0.0000   -7.5000   37.500013707.7959   16.9721
    7.5000   -7.5000   37.500013156.1602   16.9802
   -7.5000    0.0000   37.500013613.4121   16.9461
    0.0000    0.0000   37.500014162.0430   17.0077
    7.5000    0.0000   37.500013550.7861   17.0108
   -7.5000    7.5000   37.500012911.3887   16.9363
    0.0000    7.5000   37.500013426.1406   16.9983
    7.5000    7.5000   37.500012849.7852   17.0088
   -7.5000   15.0000   37.500012002.8027   16.8983
    0.0000   15.0000   37.500012531.1650   16.9561
    7.5000   15.0000   37.500011940.1777   16.9766
   -7.5000   22.5000   37.500011067.1875   16.8635
    0.0000   22.5000   37.500011545.7871   16.9171
    7.5000   22.5000   37.500011005.6943   16.9402
   -7.5000   30.0000   37.500010162.4893   16.6857
    0.0000   30.0000   37.500010605.2051   16.7375
    7.5000   30.0000   37.500010074.1035   16.7554
   -7.5000   37.5000   37.5000 9609.1133   16.8192
    0.0000   37.5000   37.500010005.2529   16.8745
    7.5000   37.5000   37.5000 9485.4893   16.8817
   -7.5000   45.0000   37.5000 8659.5762   16.6577
    0.0000   45.0000   37.5000 8969.9805   16.7181
    7.5000   45.0000   37.5000 8528.2910   16.7214
   -7.5000  -45.0000   45.0000 8969.2666   17.2191
    0.0000  -45.0000   45.0000 9357.0264   17.2820
    7.5000  -45.0000   45.0000 8934.2373   17.2860
   -7.5000  -37.5000   45.0000 9387.7168   17.1840
    0.0000  -37.5000   45.0000 9813.8301   17.2433
    7.5000  -37.5000   45.0000 9366.4990   17.2544
   -7.5000  -30.0000   45.000010170.4189   17.1363
    0.0000  -30.0000   45.000010666.4004   17.1921
    7.5000  -30.0000   45.000010180.7959   17.2122
   -7.5000  -22.5000   45.000010954.7227   17.1043
    0.0000  -22.5000   45.000011460.7930   17.1616
    7.5000  -22.5000   45.000010938.7686   17.1840
   -7.5000  -15.0000   45.000011573.5977   17.0995
    0.0000  -15.0000   45.000012039.2900   17.1600
    7.5000  -15.0000   45.000011532.8252   17.1774
   -7.5000   -7.5000   45.000012066.8535   17.1281
    0.0000   -7.5000   45.000012515.6631   17.1902
    7.5000   -7.5000   45.000012033.3135   17.1983
   -7.5000    0.0000   45.000012410.7432   17.1619
    0.0000    0.0000   45.000012870.7803   17.2244
    7.5000    0.0000   45.000012372.8135   17.2283
   -7.5000    7.5000   45.000011787.1719   17.1650
    0.0000    7.5000   45.000012219.2939   17.2242
    7.5000    7.5000   45.000011743.5381   17.2353
   -7.5000   15.0000   45.000010972.7764   17.1361
    0.0000   15.0000   45.000011408.8750   17.1918
    7.5000   15.0000   45.000010916.6123   17.2120
   -7.5000   22.5000   45.000010107.0176   17.0964
    0.0000   22.5000   45.000010521.9219   17.1537
    7.5000   22.5000   45.000010059.3604   17.1761
   -7.5000   30.0000   45.0000 9265.1289   16.9024
    0.0000   30.0000   45.0000 9644.4648   16.9622
    7.5000   30.0000   45.0000 9201.4160   16.9795
   -7.5000   37.5000   45.0000 8775.1973   17.0317
    0.0000   37.5000   45.0000 9109.7461   17.0930
    7.5000   37.5000   45.0000 8679.2109   17.1006
   -7.5000   45.0000   45.0000 7931.7212   16.8854
    0.0000   45.0000   45.0000 8209.2383   16.9469
    7.5000   45.0000   45.0000 7830.0913   16.9518

---------------------------------------------------------------------
imgreg_4dfp /usr/local/freesurfer/8.1.0/average/711-2C_as_mni_average_305 /usr/local/freesurfer/8.1.0/average/711-2B_as_mni_average_305_mask talsrcimg_g11 none talsrcimg_to_711-2C_as_mni_average_305_t4 4355
---------------------------------------------------------------------

freesurfer imgreg_4dfp.c
/usr/local/freesurfer/8.1.0/average/711-2C_as_mni_average_305.4dfp.img
       256       256       256         1
  1.000000  1.000000  1.000000
orientation T byte_order littleendian
Reading image: /usr/local/freesurfer/8.1.0/average/711-2C_as_mni_average_305.4dfp.img
dimensions:      256       256       256
mmppix:       1.0000   -1.0000   -1.0000
center:     128.0000 -129.0000 -129.0000
/usr/local/freesurfer/8.1.0/average/711-2B_as_mni_average_305_mask.4dfp.img
       256       256       256         1
  1.000000  1.000000  1.000000
orientation T byte_order littleendian
Reading mask: /usr/local/freesurfer/8.1.0/average/711-2B_as_mni_average_305_mask.4dfp.img (2306576 pixels)
talsrcimg_g11.4dfp.img
       256       256       256         1
  1.000000  1.000000  1.000000
orientation T byte_order littleendian
Reading image: talsrcimg_g11.4dfp.img
dimensions:      256       256       256
mmppix:       1.0000   -1.0000   -1.0000
center:     128.0000 -129.0000 -129.0000
rotation matrix determinant  1.000000
image alignment mode   4355 decimal     1103 hex
   -7.5000  -45.0000  -45.0000 2249.9751   18.6143
    0.0000  -45.0000  -45.0000 2260.1670   18.5429
    7.5000  -45.0000  -45.0000 2244.0154   18.7129
   -7.5000  -37.5000  -45.0000 2294.9963   17.9039
    0.0000  -37.5000  -45.0000 2300.4700   17.8162
    7.5000  -37.5000  -45.0000 2285.2102   18.0303
   -7.5000  -30.0000  -45.0000 2316.0964   17.3492
    0.0000  -30.0000  -45.0000 2326.0198   17.3550
    7.5000  -30.0000  -45.0000 2311.7378   17.4902
   -7.5000  -22.5000  -45.0000 2326.8350   16.9596
    0.0000  -22.5000  -45.0000 2341.5154   16.9744
    7.5000  -22.5000  -45.0000 2322.1809   17.1063
   -7.5000  -15.0000  -45.0000 2327.9041   16.7607
    0.0000  -15.0000  -45.0000 2339.5520   16.7683
    7.5000  -15.0000  -45.0000 2320.5791   16.8910
   -7.5000   -7.5000  -45.0000 2318.9458   16.8150
    0.0000   -7.5000  -45.0000 2332.9385   16.7960
    7.5000   -7.5000  -45.0000 2309.1641   16.9715
   -7.5000    0.0000  -45.0000 2300.9680   16.9653
    0.0000    0.0000  -45.0000 2314.2112   16.9591
    7.5000    0.0000  -45.0000 2293.4011   17.1837
   -7.5000    7.5000  -45.0000 2275.3079   17.4811
    0.0000    7.5000  -45.0000 2293.8350   17.4469
    7.5000    7.5000  -45.0000 2266.9316   17.6371
   -7.5000   15.0000  -45.0000 2226.2551   18.1645
    0.0000   15.0000  -45.0000 2239.1680   18.1319
    7.5000   15.0000  -45.0000 2219.1196   18.3738
   -7.5000   22.5000  -45.0000 2160.2534   19.0650
    0.0000   22.5000  -45.0000 2177.3972   18.9642
    7.5000   22.5000  -45.0000 2159.6262   19.2557
   -7.5000   30.0000  -45.0000 2073.2832   20.3687
    0.0000   30.0000  -45.0000 2082.8335   20.1629
    7.5000   30.0000  -45.0000 2073.7048   20.5820
   -7.5000   37.5000  -45.0000 1973.3336   22.3780
    0.0000   37.5000  -45.0000 1980.5352   22.1935
    7.5000   37.5000  -45.0000 1967.4004   22.5575
   -7.5000   45.0000  -45.0000 1876.0746   25.1607
    0.0000   45.0000  -45.0000 1879.9352   24.9846
    7.5000   45.0000  -45.0000 1862.3789   25.2184
   -7.5000  -45.0000  -37.5000 2336.6912   17.2666
    0.0000  -45.0000  -37.5000 2343.5757   17.2148
    7.5000  -45.0000  -37.5000 2326.0701   17.2787
   -7.5000  -37.5000  -37.5000 2380.6936   16.4204
    0.0000  -37.5000  -37.5000 2393.1763   16.4398
    7.5000  -37.5000  -37.5000 2370.1370   16.5249
   -7.5000  -30.0000  -37.5000 2406.7202   15.8673
    0.0000  -30.0000  -37.5000 2423.7961   15.9230
    7.5000  -30.0000  -37.5000 2396.8882   16.0424
   -7.5000  -22.5000  -37.5000 2425.0703   15.5393
    0.0000  -22.5000  -37.5000 2447.2825   15.6204
    7.5000  -22.5000  -37.5000 2409.4529   15.6531
   -7.5000  -15.0000  -37.5000 2420.6938   15.2938
    0.0000  -15.0000  -37.5000 2444.4978   15.4148
    7.5000  -15.0000  -37.5000 2410.5649   15.4328
   -7.5000   -7.5000  -37.5000 2415.4998   15.3521
    0.0000   -7.5000  -37.5000 2436.2925   15.3872
    7.5000   -7.5000  -37.5000 2403.3618   15.4717
   -7.5000    0.0000  -37.5000 2397.7976   15.5490
    0.0000    0.0000  -37.5000 2419.4873   15.6318
    7.5000    0.0000  -37.5000 2385.6042   15.7202
   -7.5000    7.5000  -37.5000 2379.8389   16.0716
    0.0000    7.5000  -37.5000 2400.8152   16.0929
    7.5000    7.5000  -37.5000 2367.1541   16.2039
   -7.5000   15.0000  -37.5000 2333.6121   16.7239
    0.0000   15.0000  -37.5000 2351.2361   16.6842
    7.5000   15.0000  -37.5000 2323.5054   16.8589
   -7.5000   22.5000  -37.5000 2265.6475   17.5339
    0.0000   22.5000  -37.5000 2282.2720   17.4892
    7.5000   22.5000  -37.5000 2253.4731   17.6747
   -7.5000   30.0000  -37.5000 2176.5403   18.6711
    0.0000   30.0000  -37.5000 2182.2756   18.5610
    7.5000   30.0000  -37.5000 2165.0115   18.8313
   -7.5000   37.5000  -37.5000 2069.7563   20.4368
    0.0000   37.5000  -37.5000 2070.8420   20.3178
    7.5000   37.5000  -37.5000 2054.7952   20.5549
   -7.5000   45.0000  -37.5000 1952.3513   22.8247
    0.0000   45.0000  -37.5000 1961.1841   22.7203
    7.5000   45.0000  -37.5000 1940.2692   22.9376
   -7.5000  -45.0000  -30.0000 2454.8884   16.5435
    0.0000  -45.0000  -30.0000 2463.7344   16.5440
    7.5000  -45.0000  -30.0000 2444.1057   16.5865
   -7.5000  -37.5000  -30.0000 2505.9438   15.6697
    0.0000  -37.5000  -30.0000 2515.1494   15.7077
    7.5000  -37.5000  -30.0000 2493.7361   15.7613
   -7.5000  -30.0000  -30.0000 2531.4485   14.9953
    0.0000  -30.0000  -30.0000 2548.6465   15.0488
    7.5000  -30.0000  -30.0000 2515.7683   15.1227
   -7.5000  -22.5000  -30.0000 2560.8716   14.6220
    0.0000  -22.5000  -30.0000 2575.6228   14.7022
    7.5000  -22.5000  -30.0000 2537.6846   14.7642
   -7.5000  -15.0000  -30.0000 2562.0078   14.4118
    0.0000  -15.0000  -30.0000 2582.2537   14.5178
    7.5000  -15.0000  -30.0000 2542.7437   14.5408
   -7.5000   -7.5000  -30.0000 2560.6082   14.4663
    0.0000   -7.5000  -30.0000 2579.5527   14.5292
    7.5000   -7.5000  -30.0000 2545.2390   14.5676
   -7.5000    0.0000  -30.0000 2542.5415   14.7416
    0.0000    0.0000  -30.0000 2566.7698   14.8721
    7.5000    0.0000  -30.0000 2527.7744   14.8783
   -7.5000    7.5000  -30.0000 2524.5203   15.2869
    0.0000    7.5000  -30.0000 2545.3928   15.3373
    7.5000    7.5000  -30.0000 2508.4128   15.3914
   -7.5000   15.0000  -30.0000 2478.1931   15.9457
    0.0000   15.0000  -30.0000 2500.5112   15.9764
    7.5000   15.0000  -30.0000 2458.9917   16.0580
   -7.5000   22.5000  -30.0000 2408.1575   16.7262
    0.0000   22.5000  -30.0000 2428.3877   16.7298
    7.5000   22.5000  -30.0000 2387.2085   16.8556
   -7.5000   30.0000  -30.0000 2309.0461   17.8175
    0.0000   30.0000  -30.0000 2325.7720   17.7870
    7.5000   30.0000  -30.0000 2297.8020   17.9744
   -7.5000   37.5000  -30.0000 2193.8730   19.4375
    0.0000   37.5000  -30.0000 2205.8257   19.3566
    7.5000   37.5000  -30.0000 2185.1433   19.5920
   -7.5000   45.0000  -30.0000 2067.9453   21.5936
    0.0000   45.0000  -30.0000 2075.1162   21.5014
    7.5000   45.0000  -30.0000 2057.7769   21.7270
   -7.5000  -45.0000  -22.5000 2544.3462   15.7582
    0.0000  -45.0000  -22.5000 2558.5830   15.7065
    7.5000  -45.0000  -22.5000 2534.7351   15.8668
   -7.5000  -37.5000  -22.5000 2590.4124   14.8100
    0.0000  -37.5000  -22.5000 2606.3413   14.7929
    7.5000  -37.5000  -22.5000 2585.4382   14.9167
   -7.5000  -30.0000  -22.5000 2620.8411   14.0815
    0.0000  -30.0000  -22.5000 2644.7590   14.1005
    7.5000  -30.0000  -22.5000 2611.5208   14.1874
   -7.5000  -22.5000  -22.5000 2653.0183   13.6698
    0.0000  -22.5000  -22.5000 2675.0000   13.7041
    7.5000  -22.5000  -22.5000 2639.7410   13.8049
   -7.5000  -15.0000  -22.5000 2667.7993   13.4792
    0.0000  -15.0000  -22.5000 2689.2324   13.5461
    7.5000  -15.0000  -22.5000 2654.5400   13.6294
   -7.5000   -7.5000  -22.5000 2670.1958   13.5429
    0.0000   -7.5000  -22.5000 2696.3018   13.6021
    7.5000   -7.5000  -22.5000 2661.9849   13.6624
   -7.5000    0.0000  -22.5000 2656.9800   13.8630
    0.0000    0.0000  -22.5000 2691.5344   13.9860
    7.5000    0.0000  -22.5000 2651.4429   13.9878
   -7.5000    7.5000  -22.5000 2642.4409   14.3878
    0.0000    7.5000  -22.5000 2670.7683   14.4737
    7.5000    7.5000  -22.5000 2629.4260   14.5038
   -7.5000   15.0000  -22.5000 2588.1841   15.0331
    0.0000   15.0000  -22.5000 2618.5520   15.0930
    7.5000   15.0000  -22.5000 2573.9678   15.1815
   -7.5000   22.5000  -22.5000 2514.4102   15.8315
    0.0000   22.5000  -22.5000 2535.7766   15.8434
    7.5000   22.5000  -22.5000 2505.4385   16.0231
   -7.5000   30.0000  -22.5000 2413.0002   16.9107
    0.0000   30.0000  -22.5000 2436.7600   16.8871
    7.5000   30.0000  -22.5000 2413.5032   17.1230
   -7.5000   37.5000  -22.5000 2296.3787   18.4423
    0.0000   37.5000  -22.5000 2318.5178   18.4212
    7.5000   37.5000  -22.5000 2297.1538   18.6525
   -7.5000   45.0000  -22.5000 2158.5852   20.5590
    0.0000   45.0000  -22.5000 2173.6270   20.4955
    7.5000   45.0000  -22.5000 2154.6533   20.7228
   -7.5000  -45.0000  -15.0000 2585.1980   14.9987
    0.0000  -45.0000  -15.0000 2607.8218   14.9534
    7.5000  -45.0000  -15.0000 2574.1292   15.0834
   -7.5000  -37.5000  -15.0000 2636.1772   13.9803
    0.0000  -37.5000  -15.0000 2658.1851   13.9676
    7.5000  -37.5000  -15.0000 2632.1030   14.0996
   -7.5000  -30.0000  -15.0000 2677.0879   13.2456
    0.0000  -30.0000  -15.0000 2710.6284   13.2685
    7.5000  -30.0000  -15.0000 2677.0237   13.3955
   -7.5000  -22.5000  -15.0000 2712.7771   12.7981
    0.0000  -22.5000  -15.0000 2747.8328   12.8747
    7.5000  -22.5000  -15.0000 2711.1738   12.9897
   -7.5000  -15.0000  -15.0000 2733.6709   12.5793
    0.0000  -15.0000  -15.0000 2766.0803   12.6482
    7.5000  -15.0000  -15.0000 2729.9529   12.7986
   -7.5000   -7.5000  -15.0000 2747.0459   12.6511
    0.0000   -7.5000  -15.0000 2780.7046   12.7220
    7.5000   -7.5000  -15.0000 2741.7161   12.8382
   -7.5000    0.0000  -15.0000 2737.8342   13.0177
    0.0000    0.0000  -15.0000 2787.7744   13.1207
    7.5000    0.0000  -15.0000 2742.2505   13.2060
   -7.5000    7.5000  -15.0000 2724.6516   13.5544
    0.0000    7.5000  -15.0000 2766.8604   13.6308
    7.5000    7.5000  -15.0000 2723.2017   13.7196
   -7.5000   15.0000  -15.0000 2668.2258   14.1364
    0.0000   15.0000  -15.0000 2697.0830   14.1936
    7.5000   15.0000  -15.0000 2668.5442   14.3522
   -7.5000   22.5000  -15.0000 2588.4480   14.9628
    0.0000   22.5000  -15.0000 2614.7637   14.9698
    7.5000   22.5000  -15.0000 2588.1230   15.1812
   -7.5000   30.0000  -15.0000 2484.0154   16.0492
    0.0000   30.0000  -15.0000 2508.0657   16.0376
    7.5000   30.0000  -15.0000 2488.3313   16.2673
   -7.5000   37.5000  -15.0000 2371.5881   17.6118
    0.0000   37.5000  -15.0000 2395.1460   17.5985
    7.5000   37.5000  -15.0000 2373.9861   17.8410
   -7.5000   45.0000  -15.0000 2229.1506   19.7139
    0.0000   45.0000  -15.0000 2250.6504   19.6364
    7.5000   45.0000  -15.0000 2229.2683   19.9013
   -7.5000  -45.0000   -7.5000 2602.1899   14.2654
    0.0000  -45.0000   -7.5000 2622.6924   14.1800
    7.5000  -45.0000   -7.5000 2597.6602   14.3516
   -7.5000  -37.5000   -7.5000 2660.0806   13.2293
    0.0000  -37.5000   -7.5000 2685.7769   13.2157
    7.5000  -37.5000   -7.5000 2667.5508   13.3786
   -7.5000  -30.0000   -7.5000 2711.7192   12.5312
    0.0000  -30.0000   -7.5000 2741.9749   12.5536
    7.5000  -30.0000   -7.5000 2722.3325   12.7174
   -7.5000  -22.5000   -7.5000 2760.4983   12.1432
    0.0000  -22.5000   -7.5000 2789.6323   12.1798
    7.5000  -22.5000   -7.5000 2766.6755   12.3568
   -7.5000  -15.0000   -7.5000 2788.9983   11.9157
    0.0000  -15.0000   -7.5000 2831.9075   11.9102
    7.5000  -15.0000   -7.5000 2791.9177   12.1925
   -7.5000   -7.5000   -7.5000 2812.8132   11.9134
    0.0000   -7.5000   -7.5000 2852.8577   11.9033
    7.5000   -7.5000   -7.5000 2810.6479   12.1960
   -7.5000    0.0000   -7.5000 2807.7585   12.2768
    0.0000    0.0000   -7.5000 2855.4485   12.2875
    7.5000    0.0000   -7.5000 2811.5071   12.4955
   -7.5000    7.5000   -7.5000 2787.3027   12.7680
    0.0000    7.5000   -7.5000 2824.3640   12.7647
    7.5000    7.5000   -7.5000 2789.7383   12.9932
   -7.5000   15.0000   -7.5000 2720.6379   13.3472
    0.0000   15.0000   -7.5000 2751.0564   13.3407
    7.5000   15.0000   -7.5000 2734.4490   13.6172
   -7.5000   22.5000   -7.5000 2638.9153   14.1818
    0.0000   22.5000   -7.5000 2670.0723   14.1374
    7.5000   22.5000   -7.5000 2653.7649   14.4553
   -7.5000   30.0000   -7.5000 2533.3967   15.3130
    0.0000   30.0000   -7.5000 2563.0029   15.2814
    7.5000   30.0000   -7.5000 2540.7144   15.5637
   -7.5000   37.5000   -7.5000 2424.8574   16.8723
    0.0000   37.5000   -7.5000 2446.8755   16.8937
    7.5000   37.5000   -7.5000 2424.5745   17.1440
   -7.5000   45.0000   -7.5000 2280.5508   18.9492
    0.0000   45.0000   -7.5000 2297.8931   18.9554
    7.5000   45.0000   -7.5000 2273.7981   19.1723
   -7.5000  -45.0000    0.0000 2591.0383   13.6885
    0.0000  -45.0000    0.0000 2610.3303   13.5579
    7.5000  -45.0000    0.0000 2601.1494   13.8634
   -7.5000  -37.5000    0.0000 2664.3704   12.7044
    0.0000  -37.5000    0.0000 2684.5176   12.5572
    7.5000  -37.5000    0.0000 2678.1826   12.8557
   -7.5000  -30.0000    0.0000 2734.8010   12.0675
    0.0000  -30.0000    0.0000 2752.4399   11.9752
    7.5000  -30.0000    0.0000 2744.2229   12.2513
   -7.5000  -22.5000    0.0000 2787.5994   11.7481
    0.0000  -22.5000    0.0000 2810.1052   11.6776
    7.5000  -22.5000    0.0000 2794.0833   11.9396
   -7.5000  -15.0000    0.0000 2830.7739   11.5738
    0.0000  -15.0000    0.0000 2866.4639   11.4956
    7.5000  -15.0000    0.0000 2831.3772   11.8371
   -7.5000   -7.5000    0.0000 2848.0918   11.4435
    0.0000   -7.5000    0.0000 2881.1196   11.2840
    7.5000   -7.5000    0.0000 2847.5227   11.7962
   -7.5000    0.0000    0.0000 2841.2307   11.7182
    0.0000    0.0000    0.0000 2871.1301   11.5461
    7.5000    0.0000    0.0000 2840.6611   11.9858
   -7.5000    7.5000    0.0000 2814.8694   12.2358
    0.0000    7.5000    0.0000 2842.3806   12.0462
    7.5000    7.5000    0.0000 2815.0259   12.4707
   -7.5000   15.0000    0.0000 2760.3105   12.8736
    0.0000   15.0000    0.0000 2778.0823   12.7362
    7.5000   15.0000    0.0000 2762.4312   13.0772
   -7.5000   22.5000    0.0000 2681.2419   13.7625
    0.0000   22.5000    0.0000 2709.7031   13.6802
    7.5000   22.5000    0.0000 2685.0093   13.9542
   -7.5000   30.0000    0.0000 2575.8525   15.0089
    0.0000   30.0000    0.0000 2594.5300   14.9176
    7.5000   30.0000    0.0000 2574.7314   15.1613
   -7.5000   37.5000    0.0000 2460.8179   16.5730
    0.0000   37.5000    0.0000 2473.3232   16.4938
    7.5000   37.5000    0.0000 2452.2402   16.7414
   -7.5000   45.0000    0.0000 2304.3157   18.6433
    0.0000   45.0000    0.0000 2323.8740   18.5027
    7.5000   45.0000    0.0000 2296.1423   18.7771
   -7.5000  -45.0000    7.5000 2586.1260   13.3518
    0.0000  -45.0000    7.5000 2591.9768   13.1997
    7.5000  -45.0000    7.5000 2604.2883   13.6125
   -7.5000  -37.5000    7.5000 2664.1257   12.3780
    0.0000  -37.5000    7.5000 2679.9082   12.2070
    7.5000  -37.5000    7.5000 2683.7373   12.5951
   -7.5000  -30.0000    7.5000 2741.7021   11.7773
    0.0000  -30.0000    7.5000 2750.1943   11.6134
    7.5000  -30.0000    7.5000 2751.2178   11.9930
   -7.5000  -22.5000    7.5000 2790.3342   11.5073
    0.0000  -22.5000    7.5000 2800.6069   11.3384
    7.5000  -22.5000    7.5000 2797.5486   11.6967
   -7.5000  -15.0000    7.5000 2835.0276   11.4396
    0.0000  -15.0000    7.5000 2850.9675   11.2345
    7.5000  -15.0000    7.5000 2833.8181   11.6508
   -7.5000   -7.5000    7.5000 2860.7683   11.4058
    0.0000   -7.5000    7.5000 2870.8147   11.1007
    7.5000   -7.5000    7.5000 2856.0303   11.6588
   -7.5000    0.0000    7.5000 2860.4053   11.5668
    0.0000    0.0000    7.5000 2871.4363   11.3038
    7.5000    0.0000    7.5000 2848.6804   11.8247
   -7.5000    7.5000    7.5000 2834.2446   11.9919
    0.0000    7.5000    7.5000 2859.1489   11.8249
    7.5000    7.5000    7.5000 2824.8188   12.1774
   -7.5000   15.0000    7.5000 2781.0010   12.6548
    0.0000   15.0000    7.5000 2805.1821   12.5484
    7.5000   15.0000    7.5000 2774.0903   12.7826
   -7.5000   22.5000    7.5000 2706.7361   13.5488
    0.0000   22.5000    7.5000 2735.0569   13.4761
    7.5000   22.5000    7.5000 2698.3921   13.6819
   -7.5000   30.0000    7.5000 2596.0813   14.8482
    0.0000   30.0000    7.5000 2624.9475   14.8099
    7.5000   30.0000    7.5000 2584.6919   14.9617
   -7.5000   37.5000    7.5000 2467.8706   16.4594
    0.0000   37.5000    7.5000 2495.4170   16.4809
    7.5000   37.5000    7.5000 2466.6238   16.6092
   -7.5000   45.0000    7.5000 2309.4714   18.4514
    0.0000   45.0000    7.5000 2333.9370   18.4711
    7.5000   45.0000    7.5000 2305.9612   18.6281
   -7.5000  -45.0000   15.0000 2575.5859   13.3516
    0.0000  -45.0000   15.0000 2580.8943   13.1099
    7.5000  -45.0000   15.0000 2588.5503   13.6069
   -7.5000  -37.5000   15.0000 2654.5674   12.3492
    0.0000  -37.5000   15.0000 2659.4536   12.1081
    7.5000  -37.5000   15.0000 2668.8757   12.5667
   -7.5000  -30.0000   15.0000 2722.0740   11.7560
    0.0000  -30.0000   15.0000 2725.1436   11.5209
    7.5000  -30.0000   15.0000 2727.2512   11.9488
   -7.5000  -22.5000   15.0000 2766.3467   11.5111
    0.0000  -22.5000   15.0000 2775.6814   11.3270
    7.5000  -22.5000   15.0000 2769.1868   11.6926
   -7.5000  -15.0000   15.0000 2805.6902   11.4995
    0.0000  -15.0000   15.0000 2815.4087   11.3453
    7.5000  -15.0000   15.0000 2805.4094   11.7114
   -7.5000   -7.5000   15.0000 2833.5034   11.5467
    0.0000   -7.5000   15.0000 2848.8804   11.3280
    7.5000   -7.5000   15.0000 2827.5745   11.7321
   -7.5000    0.0000   15.0000 2841.9402   11.7437
    0.0000    0.0000   15.0000 2863.3989   11.6224
    7.5000    0.0000   15.0000 2830.4277   11.8947
   -7.5000    7.5000   15.0000 2827.0994   12.1643
    0.0000    7.5000   15.0000 2861.5725   12.1419
    7.5000    7.5000   15.0000 2815.4961   12.3126
   -7.5000   15.0000   15.0000 2767.0645   12.7794
    0.0000   15.0000   15.0000 2791.1538   12.7422
    7.5000   15.0000   15.0000 2764.1045   12.9365
   -7.5000   22.5000   15.0000 2686.8962   13.5741
    0.0000   22.5000   15.0000 2713.8406   13.5164
    7.5000   22.5000   15.0000 2680.7224   13.7386
   -7.5000   30.0000   15.0000 2573.6877   14.7298
    0.0000   30.0000   15.0000 2609.8062   14.7198
    7.5000   30.0000   15.0000 2572.6885   14.9049
   -7.5000   37.5000   15.0000 2451.8813   16.3108
    0.0000   37.5000   15.0000 2481.0681   16.3668
    7.5000   37.5000   15.0000 2456.6934   16.5442
   -7.5000   45.0000   15.0000 2296.0068   18.4101
    0.0000   45.0000   15.0000 2319.2175   18.4082
    7.5000   45.0000   15.0000 2295.0752   18.6394
   -7.5000  -45.0000   22.5000 2558.7747   13.6210
    0.0000  -45.0000   22.5000 2555.2622   13.3360
    7.5000  -45.0000   22.5000 2559.5112   13.8094
   -7.5000  -37.5000   22.5000 2629.4717   12.5987
    0.0000  -37.5000   22.5000 2630.3049   12.3632
    7.5000  -37.5000   22.5000 2624.7358   12.8127
   -7.5000  -30.0000   22.5000 2688.9861   11.9930
    0.0000  -30.0000   22.5000 2693.1978   11.7731
    7.5000  -30.0000   22.5000 2686.8135   12.1966
   -7.5000  -22.5000   22.5000 2740.9255   11.7731
    0.0000  -22.5000   22.5000 2743.7095   11.5514
    7.5000  -22.5000   22.5000 2739.7261   11.9240
   -7.5000  -15.0000   22.5000 2774.6814   11.7093
    0.0000  -15.0000   22.5000 2783.6833   11.5123
    7.5000  -15.0000   22.5000 2769.9878   11.8578
   -7.5000   -7.5000   22.5000 2797.3955   11.7508
    0.0000   -7.5000   22.5000 2802.5881   11.5116
    7.5000   -7.5000   22.5000 2788.7205   11.8737
   -7.5000    0.0000   22.5000 2804.1196   12.0303
    0.0000    0.0000   22.5000 2825.5586   11.9572
    7.5000    0.0000   22.5000 2794.4395   12.1423
   -7.5000    7.5000   22.5000 2790.2200   12.5634
    0.0000    7.5000   22.5000 2810.5244   12.4977
    7.5000    7.5000   22.5000 2785.7554   12.6653
   -7.5000   15.0000   22.5000 2727.1572   13.1780
    0.0000   15.0000   22.5000 2747.8584   13.1402
    7.5000   15.0000   22.5000 2728.0681   13.3066
   -7.5000   22.5000   22.5000 2645.2185   13.9122
    0.0000   22.5000   22.5000 2669.7249   13.8901
    7.5000   22.5000   22.5000 2642.6755   14.0810
   -7.5000   30.0000   22.5000 2540.4893   14.9955
    0.0000   30.0000   22.5000 2572.5598   14.9714
    7.5000   30.0000   22.5000 2537.5820   15.1743
   -7.5000   37.5000   22.5000 2421.2798   16.4984
    0.0000   37.5000   22.5000 2453.1619   16.5183
    7.5000   37.5000   22.5000 2426.2361   16.6979
   -7.5000   45.0000   22.5000 2268.8672   18.4873
    0.0000   45.0000   22.5000 2289.2954   18.4762
    7.5000   45.0000   22.5000 2273.4705   18.7086
   -7.5000  -45.0000   30.0000 2511.9312   14.0751
    0.0000  -45.0000   30.0000 2514.5078   13.8614
    7.5000  -45.0000   30.0000 2503.8679   14.2518
   -7.5000  -37.5000   30.0000 2578.7310   13.0868
    0.0000  -37.5000   30.0000 2588.3926   12.8890
    7.5000  -37.5000   30.0000 2573.0630   13.2969
   -7.5000  -30.0000   30.0000 2641.0073   12.4670
    0.0000  -30.0000   30.0000 2650.8420   12.2593
    7.5000  -30.0000   30.0000 2631.6680   12.6425
   -7.5000  -22.5000   30.0000 2692.8271   12.1073
    0.0000  -22.5000   30.0000 2701.8628   11.9080
    7.5000  -22.5000   30.0000 2688.0264   12.2636
   -7.5000  -15.0000   30.0000 2729.1006   11.9863
    0.0000  -15.0000   30.0000 2736.7200   11.7730
    7.5000  -15.0000   30.0000 2721.7075   12.1427
   -7.5000   -7.5000   30.0000 2745.4299   12.0509
    0.0000   -7.5000   30.0000 2751.0811   11.8441
    7.5000   -7.5000   30.0000 2737.9788   12.1702
   -7.5000    0.0000   30.0000 2747.1245   12.4523
    0.0000    0.0000   30.0000 2759.9695   12.3314
    7.5000    0.0000   30.0000 2739.4158   12.5486
   -7.5000    7.5000   30.0000 2723.3123   12.9949
    0.0000    7.5000   30.0000 2738.2866   12.9125
    7.5000    7.5000   30.0000 2721.9941   13.0912
   -7.5000   15.0000   30.0000 2659.4287   13.6499
    0.0000   15.0000   30.0000 2685.1899   13.5627
    7.5000   15.0000   30.0000 2662.3955   13.7501
   -7.5000   22.5000   30.0000 2577.0425   14.4244
    0.0000   22.5000   30.0000 2609.5769   14.3660
    7.5000   22.5000   30.0000 2584.5747   14.5453
   -7.5000   30.0000   30.0000 2477.9653   15.5136
    0.0000   30.0000   30.0000 2514.0078   15.4709
    7.5000   30.0000   30.0000 2480.5061   15.6579
   -7.5000   37.5000   30.0000 2364.2251   16.9912
    0.0000   37.5000   30.0000 2394.5256   16.9691
    7.5000   37.5000   30.0000 2368.5869   17.1804
   -7.5000   45.0000   30.0000 2221.5894   18.8826
    0.0000   45.0000   30.0000 2236.0955   18.8864
    7.5000   45.0000   30.0000 2218.4915   19.0870
   -7.5000  -45.0000   37.5000 2444.2798   14.7501
    0.0000  -45.0000   37.5000 2463.5857   14.6018
    7.5000  -45.0000   37.5000 2443.7729   14.8908
   -7.5000  -37.5000   37.5000 2514.9832   13.7328
    0.0000  -37.5000   37.5000 2532.8721   13.5540
    7.5000  -37.5000   37.5000 2513.3188   13.8934
   -7.5000  -30.0000   37.5000 2576.3618   13.0204
    0.0000  -30.0000   37.5000 2603.5320   12.8582
    7.5000  -30.0000   37.5000 2571.2048   13.1725
   -7.5000  -22.5000   37.5000 2623.3516   12.6324
    0.0000  -22.5000   37.5000 2650.2473   12.4490
    7.5000  -22.5000   37.5000 2617.0754   12.7774
   -7.5000  -15.0000   37.5000 2654.1521   12.4485
    0.0000  -15.0000   37.5000 2672.4265   12.2557
    7.5000  -15.0000   37.5000 2646.5681   12.6106
   -7.5000   -7.5000   37.5000 2676.2551   12.5123
    0.0000   -7.5000   37.5000 2687.0215   12.3468
    7.5000   -7.5000   37.5000 2668.4709   12.6719
   -7.5000    0.0000   37.5000 2668.7744   12.9127
    0.0000    0.0000   37.5000 2687.0920   12.7917
    7.5000    0.0000   37.5000 2665.2288   13.0401
   -7.5000    7.5000   37.5000 2639.4973   13.5102
    0.0000    7.5000   37.5000 2655.8557   13.4233
    7.5000    7.5000   37.5000 2642.2476   13.6288
   -7.5000   15.0000   37.5000 2583.4883   14.1802
    0.0000   15.0000   37.5000 2611.9109   14.1253
    7.5000   15.0000   37.5000 2589.6531   14.3061
   -7.5000   22.5000   37.5000 2506.7786   15.0604
    0.0000   22.5000   37.5000 2539.0977   14.9844
    7.5000   22.5000   37.5000 2515.7083   15.1659
   -7.5000   30.0000   37.5000 2415.0508   16.2043
    0.0000   30.0000   37.5000 2444.3909   16.1142
    7.5000   30.0000   37.5000 2419.9780   16.3270
   -7.5000   37.5000   37.5000 2305.8701   17.7037
    0.0000   37.5000   37.5000 2330.6355   17.6127
    7.5000   37.5000   37.5000 2303.1011   17.8185
   -7.5000   45.0000   37.5000 2159.2041   19.6616
    0.0000   45.0000   37.5000 2164.7031   19.6147
    7.5000   45.0000   37.5000 2153.5132   19.8021
   -7.5000  -45.0000   45.0000 2386.4543   15.5236
    0.0000  -45.0000   45.0000 2404.6780   15.3467
    7.5000  -45.0000   45.0000 2381.1162   15.6561
   -7.5000  -37.5000   45.0000 2444.6174   14.5047
    0.0000  -37.5000   45.0000 2470.5129   14.3518
    7.5000  -37.5000   45.0000 2441.4412   14.6319
   -7.5000  -30.0000   45.0000 2502.1816   13.7511
    0.0000  -30.0000   45.0000 2533.9312   13.6250
    7.5000  -30.0000   45.0000 2499.0667   13.8959
   -7.5000  -22.5000   45.0000 2551.3020   13.3198
    0.0000  -22.5000   45.0000 2583.5791   13.1841
    7.5000  -22.5000   45.0000 2542.2383   13.4670
   -7.5000  -15.0000   45.0000 2573.0879   13.1366
    0.0000  -15.0000   45.0000 2592.9695   12.9792
    7.5000  -15.0000   45.0000 2561.4712   13.2880
   -7.5000   -7.5000   45.0000 2581.1680   13.1973
    0.0000   -7.5000   45.0000 2594.5522   13.0625
    7.5000   -7.5000   45.0000 2575.4250   13.3599
   -7.5000    0.0000   45.0000 2570.3232   13.5393
    0.0000    0.0000   45.0000 2585.3975   13.4368
    7.5000    0.0000   45.0000 2569.4185   13.6906
   -7.5000    7.5000   45.0000 2550.7500   14.1363
    0.0000    7.5000   45.0000 2566.9866   14.0520
    7.5000    7.5000   45.0000 2552.8640   14.2895
   -7.5000   15.0000   45.0000 2499.7842   14.8935
    0.0000   15.0000   45.0000 2523.1758   14.8470
    7.5000   15.0000   45.0000 2504.1699   15.0499
   -7.5000   22.5000   45.0000 2432.5435   15.8676
    0.0000   22.5000   45.0000 2451.8398   15.8002
    7.5000   22.5000   45.0000 2436.0349   16.0042
   -7.5000   30.0000   45.0000 2343.9866   16.9894
    0.0000   30.0000   45.0000 2361.6216   16.9402
    7.5000   30.0000   45.0000 2345.8452   17.1466
   -7.5000   37.5000   45.0000 2232.6055   18.5948
    0.0000   37.5000   45.0000 2250.0039   18.4529
    7.5000   37.5000   45.0000 2231.5437   18.7246
   -7.5000   45.0000   45.0000 2096.1064   20.6250
    0.0000   45.0000   45.0000 2104.2825   20.5006
    7.5000   45.0000   45.0000 2093.0930   20.7680

---------------------------------------------------------------------
imgreg_4dfp /usr/local/freesurfer/8.1.0/average/711-2C_as_mni_average_305 /usr/local/freesurfer/8.1.0/average/711-2B_as_mni_average_305_mask talsrcimg_g11 none talsrcimg_to_711-2C_as_mni_average_305_t4 1283
---------------------------------------------------------------------

freesurfer imgreg_4dfp.c
/usr/local/freesurfer/8.1.0/average/711-2C_as_mni_average_305.4dfp.img
       256       256       256         1
  1.000000  1.000000  1.000000
orientation T byte_order littleendian
Reading image: /usr/local/freesurfer/8.1.0/average/711-2C_as_mni_average_305.4dfp.img
dimensions:      256       256       256
mmppix:       1.0000   -1.0000   -1.0000
center:     128.0000 -129.0000 -129.0000
/usr/local/freesurfer/8.1.0/average/711-2B_as_mni_average_305_mask.4dfp.img
       256       256       256         1
  1.000000  1.000000  1.000000
orientation T byte_order littleendian
Reading mask: /usr/local/freesurfer/8.1.0/average/711-2B_as_mni_average_305_mask.4dfp.img (2306576 pixels)
talsrcimg_g11.4dfp.img
       256       256       256         1
  1.000000  1.000000  1.000000
orientation T byte_order littleendian
Reading image: talsrcimg_g11.4dfp.img
dimensions:      256       256       256
mmppix:       1.0000   -1.0000   -1.0000
center:     128.0000 -129.0000 -129.0000
rotation matrix determinant  1.000000
fimgreg.f
image alignment mode   1283 decimal      503 hex
parameters
    0.0000   -7.5000    0.0000    0.0000    0.0000    0.0000
eta,q 0.90241 11.26133
niter,ni,del,rscale     5    3   12.0000    1.2000
parameter  2  1.073383 -> -0.500000 qaram    1.1500
parameter  4 49.191360 ->  0.500000 qaram    1.1500
parameters
    0.5416   -4.0500   -0.0470   -3.4500    0.6173    0.5530
eta,q 0.91043 11.20793
  0.1077  0.0983  0.0972  0.0870  0.0982  0.0961
  0.1030  0.0988  0.0941  0.0888  0.0934  0.0921
  0.0984  0.0981  0.0925  0.0905  0.0905  0.0900
  0.0977  0.0974  0.0933  0.0932  0.0893  0.0896
  0.0998  0.0952  0.0952  0.0960  0.0899  0.0899
  0.1015  0.0923  0.0962  0.0989  0.0912  0.0914
  0.1039  0.0925  0.0950  0.0995  0.0952  0.0936
niter,ni,del,rscale     6    3   12.0000    1.2000
parameter  4  0.568863 ->  0.500000 qaram    1.3225
parameters
    0.7061   -1.3578   -0.3089   -7.4175    0.7297    2.0649
eta,q 0.91357 11.20403
  0.0995  0.0965  0.0929  0.0861  0.0950  0.0919
  0.0944  0.0954  0.0875  0.0873  0.0922  0.0901
  0.0901  0.0927  0.0851  0.0865  0.0895  0.0886
  0.0896  0.0896  0.0864  0.0861  0.0872  0.0872
  0.0897  0.0864  0.0884  0.0897  0.0879  0.0864
  0.0929  0.0879  0.0905  0.0949  0.0913  0.0876
  0.0989  0.0917  0.0914  0.0980  0.0953  0.0891
niter,ni,del,rscale     6    3   12.0000    1.2000
parameters
    0.8121   -1.7681   -0.8394   -7.8738    0.6776    2.2231
eta,q 0.91400 11.23414
  0.1024  0.0905  0.0890  0.0902  0.0940  0.0906
  0.0947  0.0861  0.0851  0.0871  0.0914  0.0891
  0.0886  0.0856  0.0853  0.0857  0.0885  0.0874
  0.0864  0.0864  0.0862  0.0861  0.0860  0.0860
  0.0885  0.0870  0.0863  0.0860  0.0873  0.0868
  0.0949  0.0871  0.0872  0.0872  0.0911  0.0885
  0.1006  0.0912  0.0891  0.0920  0.0950  0.0905
niter,ni,del,rscale     5    3   12.0000    1.2000
parameters
    0.7436   -1.3650   -1.0187   -7.6600    0.6434    2.2301
eta,q 0.91392 11.26628
  0.1020  0.0917  0.0903  0.0909  0.0942  0.0905
  0.0935  0.0870  0.0856  0.0875  0.0915  0.0888
  0.0876  0.0861  0.0847  0.0855  0.0885  0.0872
  0.0860  0.0860  0.0861  0.0860  0.0861  0.0861
  0.0890  0.0868  0.0865  0.0859  0.0872  0.0869
  0.0958  0.0864  0.0875  0.0862  0.0911  0.0886
  0.1011  0.0901  0.0892  0.0907  0.0951  0.0907
niter,ni,del,rscale     4    3   12.0000    1.2000
parameters
    0.6935   -1.3633   -0.9066   -7.6967    0.6220    2.1892
eta,q 0.91386 11.25625
  0.1020  0.0909  0.0909  0.0908  0.0944  0.0904
  0.0937  0.0872  0.0859  0.0872  0.0915  0.0888
  0.0877  0.0864  0.0847  0.0854  0.0886  0.0872
  0.0861  0.0861  0.0861  0.0861  0.0861  0.0861
  0.0890  0.0866  0.0866  0.0859  0.0872  0.0870
  0.0956  0.0867  0.0873  0.0865  0.0911  0.0887
  0.1011  0.0912  0.0888  0.0913  0.0953  0.0908
niter,ni,del,rscale     3    3   12.0000    1.2000
parameters
    0.6946   -1.4426   -0.9132   -7.7044    0.6067    2.1730
eta,q 0.91389 11.25407
  0.1023  0.0908  0.0905  0.0908  0.0943  0.0904
  0.0941  0.0869  0.0857  0.0873  0.0915  0.0888
  0.0878  0.0862  0.0847  0.0855  0.0886  0.0873
  0.0861  0.0861  0.0861  0.0861  0.0861  0.0861
  0.0889  0.0867  0.0865  0.0859  0.0872  0.0869
  0.0955  0.0867  0.0873  0.0865  0.0911  0.0887
  0.1010  0.0911  0.0889  0.0912  0.0952  0.0907
niter,ni,del,rscale     2    3   12.0000    1.2000
parameters
    0.6992   -1.4046   -0.9166   -7.6931    0.6123    2.1759
eta,q 0.91388 11.25571
  0.1023  0.0910  0.0906  0.0908  0.0944  0.0905
  0.0940  0.0870  0.0858  0.0873  0.0915  0.0889
  0.0878  0.0863  0.0848  0.0855  0.0886  0.0873
  0.0861  0.0861  0.0861  0.0861  0.0861  0.0861
  0.0889  0.0867  0.0865  0.0859  0.0872  0.0869
  0.0954  0.0866  0.0874  0.0865  0.0910  0.0887
  0.1009  0.0909  0.0889  0.0912  0.0952  0.0907
registration optimization eta report
parameter search radius
    6.0000    6.9000    6.0000    7.9350    6.0000    6.0000
100000*second partial in parameter space
       42.       10.       12.        9.       23.       12.
  0.1023  0.0910  0.0906  0.0908  0.0944  0.0905
  0.0940  0.0870  0.0858  0.0873  0.0915  0.0889
  0.0878  0.0863  0.0848  0.0855  0.0886  0.0873
  0.0861  0.0861  0.0861  0.0861  0.0861  0.0861
  0.0889  0.0867  0.0865  0.0859  0.0872  0.0869
  0.0954  0.0866  0.0874  0.0865  0.0910  0.0887
  0.1009  0.0909  0.0889  0.0912  0.0952  0.0907
    0.6992   -1.4046   -0.9166   -7.6931    0.6123    2.1759
eta,q 0.91388 11.25571

---------------------------------------------------------------------
imgreg_4dfp /usr/local/freesurfer/8.1.0/average/711-2C_as_mni_average_305 /usr/local/freesurfer/8.1.0/average/711-2B_as_mni_average_305_mask talsrcimg_g11 none talsrcimg_to_711-2C_as_mni_average_305_t4 3335
---------------------------------------------------------------------

freesurfer imgreg_4dfp.c
/usr/local/freesurfer/8.1.0/average/711-2C_as_mni_average_305.4dfp.img
       256       256       256         1
  1.000000  1.000000  1.000000
orientation T byte_order littleendian
Reading image: /usr/local/freesurfer/8.1.0/average/711-2C_as_mni_average_305.4dfp.img
dimensions:      256       256       256
mmppix:       1.0000   -1.0000   -1.0000
center:     128.0000 -129.0000 -129.0000
/usr/local/freesurfer/8.1.0/average/711-2B_as_mni_average_305_mask.4dfp.img
       256       256       256         1
  1.000000  1.000000  1.000000
orientation T byte_order littleendian
Reading mask: /usr/local/freesurfer/8.1.0/average/711-2B_as_mni_average_305_mask.4dfp.img (2306576 pixels)
talsrcimg_g11.4dfp.img
       256       256       256         1
  1.000000  1.000000  1.000000
orientation T byte_order littleendian
Reading image: talsrcimg_g11.4dfp.img
dimensions:      256       256       256
mmppix:       1.0000   -1.0000   -1.0000
center:     128.0000 -129.0000 -129.0000
fimgreg.f
image alignment mode   3335 decimal      D07 hex
parameters
    0.6992   -1.4046   -0.9166   -0.0778   -0.9661   -0.9057
   -3.6197   -1.5665    3.7966   13.3369    1.0686  -13.3859
eta,q 0.91097 11.35542
niter,ni,del,rscale     5    3    5.0000    1.2000
parameter  4 -8.287883 ->  0.500000 qaram    1.1500
parameter  5 -2.160633 ->  0.500000 qaram    1.1500
parameter  6 38.078438 ->  0.500000 qaram    1.1500
parameter  9  1.029246 ->  0.500000 qaram    1.1500
parameter 10 -5.680235 -> -0.500000 qaram    1.1500
parameter 12 -0.644027 -> -0.500000 qaram    1.1500
parameters
    0.6502   -0.9137   -0.9053   -4.2178   -5.1061   -5.0457
   -5.2746   -4.0414   -0.3434   17.4769   -2.0823   -9.2459
eta,q 0.93092 11.38513
  0.0900  0.0899  0.0900  0.0795  0.0756  0.0674  0.0735  0.0740  0.0715  0.0747  0.0703  0.0726
  0.0896  0.0897  0.0895  0.0822  0.0788  0.0717  0.0732  0.0724  0.0716  0.0738  0.0697  0.0716
  0.0892  0.0893  0.0892  0.0856  0.0813  0.0763  0.0730  0.0722  0.0718  0.0728  0.0696  0.0704
  0.0890  0.0890  0.0890  0.0890  0.0831  0.0795  0.0730  0.0730  0.0722  0.0717  0.0700  0.0696
  0.0891  0.0890  0.0891  0.0920  0.0851  0.0835  0.0733  0.0740  0.0729  0.0707  0.0708  0.0692
  0.0894  0.0892  0.0895  0.0947  0.0867  0.0879  0.0738  0.0748  0.0736  0.0697  0.0719  0.0691
  0.0902  0.0895  0.0901  0.0973  0.0880  0.0924  0.0744  0.0752  0.0743  0.0692  0.0731  0.0693
niter,ni,del,rscale     7    3    5.0000    1.2000
parameter  4  1.198189 ->  0.500000 qaram    1.3225
parameter  5  1.816864 ->  0.500000 qaram    1.3225
parameter  6  1.079292 ->  0.500000 qaram    1.3225
parameter  8 -2.105172 -> -0.500000 qaram    1.1500
parameter 10  0.646473 ->  0.500000 qaram    1.3225
parameter 11 -1.109916 -> -0.500000 qaram    1.1500
parameter 12  0.658445 ->  0.500000 qaram    1.3225
parameters
    0.4565   -1.5502    0.2520   -8.9788   -9.8671   -9.8067
   -3.5910    0.0986    2.3853   12.7159    2.0577  -14.0069
eta,q 0.95064 11.55243
  0.0716  0.0696  0.0723  0.0630  0.0591  0.0551  0.0610  0.0642  0.0567  0.0524  0.0560  0.0497
  0.0700  0.0691  0.0708  0.0640  0.0598  0.0565  0.0592  0.0615  0.0551  0.0516  0.0543  0.0494
  0.0692  0.0689  0.0697  0.0656  0.0615  0.0579  0.0577  0.0589  0.0538  0.0518  0.0528  0.0495
  0.0691  0.0690  0.0689  0.0686  0.0643  0.0601  0.0568  0.0567  0.0531  0.0528  0.0515  0.0502
  0.0696  0.0694  0.0686  0.0728  0.0679  0.0635  0.0567  0.0545  0.0528  0.0545  0.0506  0.0511
  0.0707  0.0700  0.0686  0.0778  0.0711  0.0681  0.0573  0.0526  0.0530  0.0564  0.0500  0.0524
  0.0724  0.0709  0.0690  0.0827  0.0741  0.0737  0.0584  0.0520  0.0539  0.0583  0.0499  0.0539
niter,ni,del,rscale     7    3    5.0000    1.2000
parameter  1  0.589215 ->  0.500000 qaram    1.1500
parameter  2 -0.929801 -> -0.500000 qaram    1.1500
parameter  3 -0.651588 -> -0.500000 qaram    1.1500
parameter  5  0.521769 ->  0.500000 qaram    1.5209
parameter 12  0.557375 ->  0.500000 qaram    1.5209
parameters
   -0.9235   -0.1702    1.6320  -12.3053  -15.3423  -11.7799
   -0.4025    0.4032    1.9683   17.2401    1.5976  -19.4820
eta,q 0.95867 11.51929
  0.0488  0.0540  0.0508  0.0488  0.0454  0.0466  0.0488  0.0489  0.0454  0.0497  0.0431  0.0418
  0.0479  0.0516  0.0488  0.0463  0.0438  0.0448  0.0466  0.0454  0.0440  0.0469  0.0425  0.0413
  0.0481  0.0495  0.0472  0.0448  0.0433  0.0438  0.0448  0.0436  0.0433  0.0446  0.0421  0.0415
  0.0494  0.0478  0.0462  0.0453  0.0448  0.0435  0.0436  0.0431  0.0431  0.0431  0.0420  0.0420
  0.0516  0.0466  0.0455  0.0493  0.0484  0.0438  0.0431  0.0434  0.0435  0.0421  0.0422  0.0429
  0.0545  0.0460  0.0453  0.0563  0.0524  0.0469  0.0432  0.0449  0.0444  0.0422  0.0426  0.0441
  0.0582  0.0460  0.0455  0.0636  0.0558  0.0547  0.0440  0.0481  0.0458  0.0433  0.0434  0.0457
niter,ni,del,rscale     7    3    5.0000    1.2000
parameter  2 -1.420864 -> -0.500000 qaram    1.3225
parameter 10 -0.729200 -> -0.500000 qaram    1.5209
parameters
   -1.1986    1.4168    0.6834  -11.9424  -17.2585  -13.2759
    0.1274    0.1817    1.8984   22.7153    2.2543  -21.8978
eta,q 0.96513 11.55347
  0.0450  0.0515  0.0385  0.0463  0.0430  0.0413  0.0411  0.0430  0.0400  0.0451  0.0372  0.0374
  0.0427  0.0477  0.0377  0.0428  0.0398  0.0390  0.0392  0.0394  0.0385  0.0419  0.0362  0.0357
  0.0415  0.0442  0.0375  0.0398  0.0378  0.0377  0.0380  0.0377  0.0376  0.0394  0.0355  0.0349
  0.0413  0.0413  0.0378  0.0375  0.0373  0.0373  0.0374  0.0374  0.0373  0.0373  0.0352  0.0352
  0.0421  0.0390  0.0386  0.0370  0.0392  0.0377  0.0376  0.0380  0.0377  0.0357  0.0353  0.0364
  0.0439  0.0374  0.0398  0.0403  0.0441  0.0402  0.0385  0.0398  0.0386  0.0352  0.0358  0.0380
  0.0467  0.0365  0.0416  0.0467  0.0492  0.0478  0.0402  0.0436  0.0401  0.0360  0.0367  0.0400
niter,ni,del,rscale     7    3    5.0000    1.2000
parameter  2 -1.087045 -> -0.500000 qaram    1.5209
parameters
   -1.2788    3.2418   -0.3805  -11.9619  -19.4305  -14.5258
    0.1861   -0.0561    1.7347   26.8281    2.6929  -25.3803
eta,q 0.97192 11.58936
  0.0401  0.0485  0.0314  0.0394  0.0365  0.0353  0.0343  0.0374  0.0337  0.0413  0.0309  0.0305
  0.0370  0.0434  0.0306  0.0357  0.0330  0.0326  0.0323  0.0333  0.0319  0.0371  0.0297  0.0287
  0.0353  0.0387  0.0304  0.0326  0.0308  0.0309  0.0310  0.0310  0.0308  0.0334  0.0291  0.0281
  0.0349  0.0349  0.0307  0.0304  0.0304  0.0304  0.0305  0.0305  0.0305  0.0305  0.0288  0.0288
  0.0357  0.0321  0.0318  0.0303  0.0327  0.0307  0.0308  0.0313  0.0309  0.0288  0.0289  0.0304
  0.0375  0.0304  0.0336  0.0343  0.0382  0.0335  0.0321  0.0337  0.0321  0.0295  0.0295  0.0326
  0.0406  0.0300  0.0359  0.0412  0.0448  0.0415  0.0343  0.0384  0.0340  0.0326  0.0305  0.0349
niter,ni,del,rscale     7    3    5.0000    1.2000
parameters
   -1.2789    5.0085   -1.0381  -12.0301  -21.2481  -15.1428
    0.1708   -0.1383    1.4359   28.6715    2.9235  -27.1391
eta,q 0.97488 11.61577
  0.0345  0.0433  0.0278  0.0351  0.0335  0.0327  0.0304  0.0345  0.0296  0.0371  0.0277  0.0288
  0.0309  0.0370  0.0266  0.0313  0.0295  0.0294  0.0281  0.0298  0.0276  0.0325  0.0264  0.0263
  0.0287  0.0317  0.0261  0.0281  0.0267  0.0271  0.0267  0.0270  0.0265  0.0288  0.0257  0.0252
  0.0281  0.0281  0.0262  0.0260  0.0261  0.0261  0.0262  0.0262  0.0262  0.0262  0.0254  0.0254
  0.0288  0.0264  0.0270  0.0260  0.0284  0.0262  0.0267  0.0270  0.0267  0.0253  0.0256  0.0267
  0.0310  0.0265  0.0285  0.0301  0.0342  0.0291  0.0281  0.0298  0.0280  0.0275  0.0262  0.0287
  0.0345  0.0286  0.0308  0.0370  0.0415  0.0369  0.0304  0.0350  0.0301  0.0325  0.0275  0.0311
niter,ni,del,rscale     6    3    5.0000    1.2000
parameters
   -1.2678    5.2497   -1.2986  -11.7179  -21.8483  -15.3993
    0.2456   -0.1730    1.4298   29.2072    2.9562  -27.6675
eta,q 0.97509 11.62625
  0.0317  0.0351  0.0277  0.0348  0.0346  0.0329  0.0295  0.0342  0.0293  0.0352  0.0273  0.0297
  0.0281  0.0300  0.0262  0.0308  0.0302  0.0292  0.0271  0.0290  0.0270  0.0307  0.0260  0.0266
  0.0259  0.0266  0.0253  0.0274  0.0267  0.0265  0.0256  0.0261  0.0256  0.0273  0.0252  0.0251
  0.0251  0.0251  0.0251  0.0251  0.0249  0.0250  0.0251  0.0251  0.0251  0.0251  0.0250  0.0250
  0.0258  0.0259  0.0257  0.0248  0.0261  0.0249  0.0255  0.0259  0.0257  0.0252  0.0252  0.0260
  0.0280  0.0286  0.0270  0.0285  0.0309  0.0279  0.0270  0.0290  0.0271  0.0285  0.0259  0.0278
  0.0316  0.0327  0.0290  0.0351  0.0383  0.0359  0.0293  0.0346  0.0292  0.0344  0.0273  0.0301
niter,ni,del,rscale     5    3    5.0000    1.2000
parameters
   -1.2883    5.3223   -1.3573  -11.6004  -22.0184  -15.4835
    0.2482   -0.1895    1.4488   29.3941    2.9516  -27.8403
eta,q 0.97511 11.62965
  0.0315  0.0341  0.0280  0.0345  0.0352  0.0331  0.0293  0.0342  0.0292  0.0346  0.0273  0.0301
  0.0278  0.0292  0.0264  0.0305  0.0306  0.0293  0.0269  0.0290  0.0269  0.0302  0.0259  0.0268
  0.0256  0.0260  0.0253  0.0272  0.0270  0.0265  0.0254  0.0260  0.0254  0.0269  0.0252  0.0252
  0.0249  0.0249  0.0249  0.0249  0.0249  0.0249  0.0249  0.0249  0.0249  0.0249  0.0249  0.0249
  0.0257  0.0261  0.0253  0.0249  0.0256  0.0246  0.0254  0.0257  0.0255  0.0254  0.0251  0.0258
  0.0280  0.0290  0.0265  0.0289  0.0299  0.0275  0.0269  0.0289  0.0269  0.0290  0.0259  0.0276
  0.0317  0.0331  0.0284  0.0356  0.0372  0.0354  0.0293  0.0345  0.0291  0.0349  0.0273  0.0299
niter,ni,del,rscale     4    3    5.0000    1.2000
parameters
   -1.2971    5.3442   -1.3769  -11.5665  -22.0668  -15.5127
    0.2433   -0.1935    1.4556   29.4538    2.9415  -27.8981
eta,q 0.97512 11.63074
  0.0316  0.0338  0.0281  0.0345  0.0353  0.0332  0.0292  0.0343  0.0292  0.0344  0.0273  0.0302
  0.0279  0.0289  0.0264  0.0304  0.0308  0.0294  0.0269  0.0290  0.0268  0.0300  0.0259  0.0269
  0.0256  0.0258  0.0253  0.0271  0.0270  0.0266  0.0254  0.0259  0.0254  0.0268  0.0252  0.0252
  0.0249  0.0249  0.0249  0.0249  0.0249  0.0249  0.0249  0.0249  0.0249  0.0249  0.0249  0.0249
  0.0257  0.0262  0.0252  0.0250  0.0255  0.0246  0.0254  0.0257  0.0254  0.0254  0.0251  0.0258
  0.0279  0.0291  0.0264  0.0291  0.0297  0.0274  0.0269  0.0288  0.0269  0.0291  0.0259  0.0275
  0.0316  0.0333  0.0283  0.0358  0.0369  0.0353  0.0293  0.0345  0.0291  0.0351  0.0273  0.0298
registration optimization eta report
parameter search radius
    2.7600    3.6501    2.7600    9.5220   10.9503    9.5220
    7.2000    8.2800    8.2800   10.9503    8.2800   10.9503
100000*second partial in parameter space
       88.       64.       43.       11.        9.       11.
        8.       14.        6.        8.        4.        4.
  0.0316  0.0338  0.0281  0.0345  0.0353  0.0332  0.0292  0.0343  0.0292  0.0344  0.0273  0.0302
  0.0279  0.0289  0.0264  0.0304  0.0308  0.0294  0.0269  0.0290  0.0268  0.0300  0.0259  0.0269
  0.0256  0.0258  0.0253  0.0271  0.0270  0.0266  0.0254  0.0259  0.0254  0.0268  0.0252  0.0252
  0.0249  0.0249  0.0249  0.0249  0.0249  0.0249  0.0249  0.0249  0.0249  0.0249  0.0249  0.0249
  0.0257  0.0262  0.0252  0.0250  0.0255  0.0246  0.0254  0.0257  0.0254  0.0254  0.0251  0.0258
  0.0279  0.0291  0.0264  0.0291  0.0297  0.0274  0.0269  0.0288  0.0269  0.0291  0.0259  0.0275
  0.0316  0.0333  0.0283  0.0358  0.0369  0.0353  0.0293  0.0345  0.0291  0.0351  0.0273  0.0298
   -1.2971    5.3442   -1.3769  -11.5665  -22.0668  -15.5127
    0.2433   -0.1935    1.4556   29.4538    2.9415  -27.8981
eta,q 0.97512 11.63074

---------------------------------------------------------------------
imgreg_4dfp /usr/local/freesurfer/8.1.0/average/711-2C_as_mni_average_305 /usr/local/freesurfer/8.1.0/average/711-2B_as_mni_average_305_mask talsrcimg_g11 none talsrcimg_to_711-2C_as_mni_average_305_t4 2311
---------------------------------------------------------------------

freesurfer imgreg_4dfp.c
/usr/local/freesurfer/8.1.0/average/711-2C_as_mni_average_305.4dfp.img
       256       256       256         1
  1.000000  1.000000  1.000000
orientation T byte_order littleendian
Reading image: /usr/local/freesurfer/8.1.0/average/711-2C_as_mni_average_305.4dfp.img
dimensions:      256       256       256
mmppix:       1.0000   -1.0000   -1.0000
center:     128.0000 -129.0000 -129.0000
/usr/local/freesurfer/8.1.0/average/711-2B_as_mni_average_305_mask.4dfp.img
       256       256       256         1
  1.000000  1.000000  1.000000
orientation T byte_order littleendian
Reading mask: /usr/local/freesurfer/8.1.0/average/711-2B_as_mni_average_305_mask.4dfp.img (2306576 pixels)
talsrcimg_g11.4dfp.img
       256       256       256         1
  1.000000  1.000000  1.000000
orientation T byte_order littleendian
Reading image: talsrcimg_g11.4dfp.img
dimensions:      256       256       256
mmppix:       1.0000   -1.0000   -1.0000
center:     128.0000 -129.0000 -129.0000
fimgreg.f
image alignment mode   2311 decimal      907 hex
parameters
   -1.2971    5.3442   -1.3769  -11.5665  -22.0668  -15.5127
    0.2433   -0.1935    1.4556   29.4538    2.9415  -27.8981
eta,q 0.97512 11.63075
niter,ni,del,rscale     5    3    5.0000    0.8000
parameters
   -1.3064    5.2366   -1.3522  -10.4664  -21.2544  -14.1992
    0.1553   -0.0729    1.3739   30.1302    2.9858  -28.1516
eta,q 0.97598 11.68245
  0.0271  0.0265  0.0260  0.0287  0.0276  0.0273  0.0262  0.0283  0.0257  0.0272  0.0251  0.0251
  0.0259  0.0255  0.0254  0.0271  0.0262  0.0260  0.0250  0.0261  0.0248  0.0259  0.0246  0.0245
  0.0251  0.0250  0.0250  0.0258  0.0251  0.0251  0.0244  0.0247  0.0243  0.0248  0.0242  0.0241
  0.0249  0.0249  0.0249  0.0249  0.0245  0.0244  0.0241  0.0241  0.0241  0.0241  0.0240  0.0240
  0.0251  0.0252  0.0250  0.0245  0.0244  0.0241  0.0244  0.0244  0.0243  0.0241  0.0241  0.0242
  0.0259  0.0259  0.0254  0.0250  0.0250  0.0243  0.0251  0.0257  0.0249  0.0247  0.0245  0.0247
  0.0272  0.0270  0.0260  0.0266  0.0262  0.0254  0.0264  0.0280  0.0258  0.0261  0.0251  0.0253
niter,ni,del,rscale     4    3    5.0000    0.7000
parameters
   -1.3119    5.1295   -1.4279  -10.7526  -21.3803  -14.2823
    0.2259   -0.0957    1.3558   30.2337    3.0261  -28.3188
eta,q 0.97594 11.68228
  0.0261  0.0254  0.0249  0.0264  0.0259  0.0259  0.0257  0.0270  0.0254  0.0262  0.0249  0.0249
  0.0249  0.0246  0.0244  0.0253  0.0249  0.0250  0.0248  0.0254  0.0247  0.0252  0.0245  0.0244
  0.0242  0.0241  0.0241  0.0244  0.0243  0.0244  0.0243  0.0244  0.0242  0.0244  0.0242  0.0241
  0.0240  0.0240  0.0240  0.0240  0.0241  0.0241  0.0241  0.0241  0.0241  0.0241  0.0241  0.0241
  0.0243  0.0243  0.0242  0.0243  0.0243  0.0241  0.0242  0.0243  0.0242  0.0242  0.0241  0.0242
  0.0250  0.0249  0.0245  0.0255  0.0250  0.0248  0.0247  0.0254  0.0247  0.0249  0.0244  0.0245
  0.0261  0.0258  0.0251  0.0276  0.0262  0.0264  0.0256  0.0272  0.0254  0.0261  0.0249  0.0250
niter,ni,del,rscale     3    3    5.0000    0.6000
parameters
   -1.3109    5.1478   -1.4622  -10.6223  -21.4045  -14.1679
    0.2116   -0.0855    1.3444   30.3242    3.0297  -28.3629
eta,q 0.97599 11.68556
  0.0255  0.0253  0.0247  0.0262  0.0255  0.0255  0.0252  0.0263  0.0250  0.0257  0.0246  0.0247
  0.0247  0.0246  0.0243  0.0252  0.0247  0.0248  0.0246  0.0251  0.0245  0.0248  0.0243  0.0243
  0.0242  0.0242  0.0241  0.0245  0.0242  0.0243  0.0242  0.0243  0.0241  0.0243  0.0241  0.0241
  0.0241  0.0241  0.0241  0.0241  0.0240  0.0240  0.0240  0.0240  0.0240  0.0240  0.0240  0.0240
  0.0242  0.0242  0.0242  0.0241  0.0242  0.0240  0.0241  0.0242  0.0241  0.0241  0.0241  0.0241
  0.0247  0.0246  0.0244  0.0248  0.0247  0.0244  0.0245  0.0250  0.0245  0.0246  0.0243  0.0243
  0.0255  0.0252  0.0248  0.0261  0.0256  0.0256  0.0252  0.0264  0.0250  0.0256  0.0247  0.0247
niter,ni,del,rscale     2    3    5.0000    0.5000
parameters
   -1.3124    5.1411   -1.4581  -10.5340  -21.4298  -14.0409
    0.2181   -0.0783    1.3278   30.3604    3.0232  -28.3693
eta,q 0.97601 11.68656
  0.0251  0.0248  0.0245  0.0255  0.0250  0.0251  0.0248  0.0256  0.0247  0.0251  0.0244  0.0244
  0.0245  0.0244  0.0243  0.0248  0.0245  0.0246  0.0244  0.0247  0.0243  0.0245  0.0242  0.0242
  0.0241  0.0241  0.0241  0.0243  0.0241  0.0242  0.0241  0.0242  0.0241  0.0241  0.0240  0.0240
  0.0240  0.0240  0.0240  0.0240  0.0240  0.0240  0.0240  0.0240  0.0240  0.0240  0.0240  0.0240
  0.0241  0.0241  0.0241  0.0240  0.0241  0.0240  0.0241  0.0241  0.0241  0.0241  0.0240  0.0240
  0.0245  0.0244  0.0242  0.0245  0.0245  0.0243  0.0244  0.0247  0.0243  0.0245  0.0242  0.0242
  0.0251  0.0248  0.0245  0.0255  0.0251  0.0250  0.0248  0.0257  0.0247  0.0251  0.0245  0.0244
niter,ni,del,rscale     1    3    5.0000    0.4000
parameters
   -1.3148    5.1334   -1.4500  -10.4471  -21.4671  -13.9229
    0.2204   -0.0700    1.3105   30.3880    3.0123  -28.3679
eta,q 0.97604 11.68691
  0.0247  0.0245  0.0243  0.0250  0.0246  0.0247  0.0245  0.0251  0.0244  0.0247  0.0243  0.0243
  0.0243  0.0242  0.0241  0.0245  0.0243  0.0243  0.0242  0.0245  0.0242  0.0243  0.0241  0.0241
  0.0240  0.0240  0.0240  0.0242  0.0240  0.0241  0.0240  0.0241  0.0240  0.0241  0.0240  0.0240
  0.0240  0.0240  0.0240  0.0240  0.0240  0.0240  0.0240  0.0240  0.0240  0.0240  0.0240  0.0240
  0.0241  0.0241  0.0240  0.0240  0.0241  0.0240  0.0240  0.0241  0.0240  0.0240  0.0240  0.0240
  0.0243  0.0242  0.0241  0.0243  0.0243  0.0242  0.0242  0.0244  0.0242  0.0243  0.0241  0.0241
  0.0247  0.0245  0.0243  0.0250  0.0247  0.0246  0.0245  0.0251  0.0244  0.0247  0.0243  0.0243
registration optimization eta report
parameter search radius
    0.8000    0.8000    0.8000    2.4000    2.4000    2.4000
    2.4000    2.4000    2.4000    2.4000    2.4000    2.4000
100000*second partial in parameter space
      106.       82.       52.       18.       12.       12.
        9.       19.        8.       13.        5.        5.
  0.0247  0.0245  0.0243  0.0250  0.0246  0.0247  0.0245  0.0251  0.0244  0.0247  0.0243  0.0243
  0.0243  0.0242  0.0241  0.0245  0.0243  0.0243  0.0242  0.0245  0.0242  0.0243  0.0241  0.0241
  0.0240  0.0240  0.0240  0.0242  0.0240  0.0241  0.0240  0.0241  0.0240  0.0241  0.0240  0.0240
  0.0240  0.0240  0.0240  0.0240  0.0240  0.0240  0.0240  0.0240  0.0240  0.0240  0.0240  0.0240
  0.0241  0.0241  0.0240  0.0240  0.0241  0.0240  0.0240  0.0241  0.0240  0.0240  0.0240  0.0240
  0.0243  0.0242  0.0241  0.0243  0.0243  0.0242  0.0242  0.0244  0.0242  0.0243  0.0241  0.0241
  0.0247  0.0245  0.0243  0.0250  0.0247  0.0246  0.0245  0.0251  0.0244  0.0247  0.0243  0.0243
   -1.3148    5.1334   -1.4500  -10.4471  -21.4671  -13.9229
    0.2204   -0.0700    1.3105   30.3880    3.0123  -28.3679
eta,q 0.97604 11.68691

---------------------------------------------------------------------
imgreg_4dfp /usr/local/freesurfer/8.1.0/average/711-2C_as_mni_average_305 /usr/local/freesurfer/8.1.0/average/711-2B_as_mni_average_305_mask talsrcimg_g11 none talsrcimg_to_711-2C_as_mni_average_305_t4 2311
---------------------------------------------------------------------

freesurfer imgreg_4dfp.c
/usr/local/freesurfer/8.1.0/average/711-2C_as_mni_average_305.4dfp.img
       256       256       256         1
  1.000000  1.000000  1.000000
orientation T byte_order littleendian
Reading image: /usr/local/freesurfer/8.1.0/average/711-2C_as_mni_average_305.4dfp.img
dimensions:      256       256       256
mmppix:       1.0000   -1.0000   -1.0000
center:     128.0000 -129.0000 -129.0000
/usr/local/freesurfer/8.1.0/average/711-2B_as_mni_average_305_mask.4dfp.img
       256       256       256         1
  1.000000  1.000000  1.000000
orientation T byte_order littleendian
Reading mask: /usr/local/freesurfer/8.1.0/average/711-2B_as_mni_average_305_mask.4dfp.img (2306576 pixels)
talsrcimg_g11.4dfp.img
       256       256       256         1
  1.000000  1.000000  1.000000
orientation T byte_order littleendian
Reading image: talsrcimg_g11.4dfp.img
dimensions:      256       256       256
mmppix:       1.0000   -1.0000   -1.0000
center:     128.0000 -129.0000 -129.0000
fimgreg.f
image alignment mode   2311 decimal      907 hex
parameters
   -1.3148    5.1334   -1.4500  -10.4470  -21.4671  -13.9229
    0.2204   -0.0700    1.3105   30.3880    3.0123  -28.3679
eta,q 0.97604 11.68692
niter,ni,del,rscale     5    3    5.0000    0.8000
parameters
   -1.2967    5.1460   -1.4272  -10.9005  -21.5148  -14.4069
    0.2572   -0.1124    1.3593   30.2516    3.0197  -28.3629
eta,q 0.97589 11.67902
  0.0268  0.0261  0.0254  0.0269  0.0266  0.0262  0.0262  0.0279  0.0258  0.0265  0.0251  0.0253
  0.0252  0.0249  0.0246  0.0255  0.0252  0.0251  0.0251  0.0258  0.0249  0.0253  0.0246  0.0246
  0.0243  0.0242  0.0241  0.0245  0.0244  0.0244  0.0244  0.0246  0.0243  0.0244  0.0243  0.0242
  0.0240  0.0240  0.0240  0.0240  0.0240  0.0240  0.0241  0.0241  0.0241  0.0241  0.0241  0.0241
  0.0243  0.0242  0.0241  0.0244  0.0243  0.0242  0.0243  0.0245  0.0243  0.0244  0.0242  0.0242
  0.0252  0.0249  0.0245  0.0261  0.0252  0.0254  0.0250  0.0258  0.0249  0.0253  0.0246  0.0246
  0.0266  0.0260  0.0253  0.0289  0.0268  0.0280  0.0262  0.0281  0.0258  0.0270  0.0252  0.0253
niter,ni,del,rscale     4    3    5.0000    0.7000
parameters
   -1.3116    5.1649   -1.4703  -10.7131  -21.4133  -14.3176
    0.2210   -0.1016    1.3513   30.2980    3.0355  -28.3810
eta,q 0.97595 11.68398
  0.0260  0.0257  0.0250  0.0269  0.0261  0.0260  0.0257  0.0271  0.0254  0.0261  0.0249  0.0250
  0.0250  0.0248  0.0245  0.0257  0.0251  0.0251  0.0248  0.0255  0.0247  0.0251  0.0244  0.0244
  0.0243  0.0243  0.0242  0.0247  0.0244  0.0245  0.0242  0.0244  0.0242  0.0244  0.0242  0.0241
  0.0241  0.0241  0.0241  0.0241  0.0241  0.0241  0.0241  0.0241  0.0241  0.0241  0.0241  0.0240
  0.0244  0.0243  0.0242  0.0241  0.0242  0.0240  0.0242  0.0243  0.0242  0.0242  0.0241  0.0242
  0.0250  0.0248  0.0246  0.0250  0.0249  0.0246  0.0248  0.0253  0.0247  0.0249  0.0244  0.0245
  0.0261  0.0256  0.0251  0.0268  0.0260  0.0262  0.0257  0.0272  0.0254  0.0262  0.0249  0.0250
niter,ni,del,rscale     3    3    5.0000    0.6000
parameters
   -1.3135    5.1499   -1.4689  -10.6185  -21.4170  -14.1749
    0.2110   -0.0912    1.3413   30.3360    3.0308  -28.3733
eta,q 0.97598 11.68573
  0.0255  0.0252  0.0248  0.0261  0.0255  0.0255  0.0252  0.0263  0.0250  0.0256  0.0246  0.0247
  0.0247  0.0245  0.0244  0.0252  0.0247  0.0248  0.0245  0.0251  0.0245  0.0248  0.0243  0.0243
  0.0242  0.0242  0.0241  0.0245  0.0242  0.0243  0.0242  0.0243  0.0241  0.0242  0.0241  0.0241
  0.0241  0.0241  0.0240  0.0240  0.0240  0.0240  0.0240  0.0240  0.0240  0.0240  0.0240  0.0240
  0.0242  0.0242  0.0241  0.0241  0.0242  0.0240  0.0241  0.0242  0.0241  0.0241  0.0241  0.0241
  0.0247  0.0246  0.0244  0.0248  0.0247  0.0244  0.0245  0.0250  0.0245  0.0247  0.0243  0.0243
  0.0255  0.0252  0.0248  0.0262  0.0255  0.0255  0.0252  0.0264  0.0250  0.0256  0.0247  0.0247
niter,ni,del,rscale     2    3    5.0000    0.5000
parameters
   -1.3122    5.1395   -1.4578  -10.5328  -21.4349  -14.0415
    0.2156   -0.0788    1.3277   30.3635    3.0198  -28.3684
eta,q 0.97601 11.68656
  0.0251  0.0248  0.0245  0.0255  0.0250  0.0251  0.0248  0.0256  0.0247  0.0251  0.0244  0.0244
  0.0245  0.0244  0.0242  0.0248  0.0245  0.0246  0.0244  0.0247  0.0243  0.0245  0.0242  0.0242
  0.0241  0.0241  0.0241  0.0243  0.0241  0.0242  0.0241  0.0242  0.0241  0.0241  0.0240  0.0240
  0.0240  0.0240  0.0240  0.0240  0.0240  0.0240  0.0240  0.0240  0.0240  0.0240  0.0240  0.0240
  0.0241  0.0241  0.0241  0.0240  0.0241  0.0240  0.0241  0.0241  0.0241  0.0241  0.0240  0.0240
  0.0245  0.0244  0.0242  0.0245  0.0245  0.0243  0.0244  0.0247  0.0243  0.0245  0.0242  0.0242
  0.0251  0.0248  0.0245  0.0255  0.0251  0.0250  0.0248  0.0257  0.0247  0.0251  0.0245  0.0244
niter,ni,del,rscale     1    3    5.0000    0.4000
parameters
   -1.3141    5.1338   -1.4501  -10.4440  -21.4673  -13.9207
    0.2251   -0.0708    1.3086   30.3843    3.0158  -28.3669
eta,q 0.97604 11.68688
  0.0247  0.0245  0.0243  0.0250  0.0246  0.0247  0.0245  0.0251  0.0244  0.0247  0.0243  0.0243
  0.0243  0.0242  0.0241  0.0245  0.0243  0.0243  0.0242  0.0245  0.0242  0.0243  0.0241  0.0241
  0.0241  0.0240  0.0240  0.0242  0.0240  0.0241  0.0240  0.0241  0.0240  0.0241  0.0240  0.0240
  0.0240  0.0240  0.0240  0.0240  0.0240  0.0240  0.0240  0.0240  0.0240  0.0240  0.0240  0.0240
  0.0241  0.0241  0.0240  0.0240  0.0241  0.0240  0.0240  0.0241  0.0240  0.0240  0.0240  0.0240
  0.0243  0.0242  0.0241  0.0243  0.0243  0.0242  0.0242  0.0244  0.0242  0.0243  0.0241  0.0241
  0.0247  0.0245  0.0243  0.0250  0.0247  0.0246  0.0245  0.0251  0.0244  0.0247  0.0243  0.0243
registration optimization eta report
parameter search radius
    0.8000    0.8000    0.8000    2.4000    2.4000    2.4000
    2.4000    2.4000    2.4000    2.4000    2.4000    2.4000
100000*second partial in parameter space
      106.       82.       52.       18.       12.       12.
        9.       19.        8.       13.        5.        5.
  0.0247  0.0245  0.0243  0.0250  0.0246  0.0247  0.0245  0.0251  0.0244  0.0247  0.0243  0.0243
  0.0243  0.0242  0.0241  0.0245  0.0243  0.0243  0.0242  0.0245  0.0242  0.0243  0.0241  0.0241
  0.0241  0.0240  0.0240  0.0242  0.0240  0.0241  0.0240  0.0241  0.0240  0.0241  0.0240  0.0240
  0.0240  0.0240  0.0240  0.0240  0.0240  0.0240  0.0240  0.0240  0.0240  0.0240  0.0240  0.0240
  0.0241  0.0241  0.0240  0.0240  0.0241  0.0240  0.0240  0.0241  0.0240  0.0240  0.0240  0.0240
  0.0243  0.0242  0.0241  0.0243  0.0243  0.0242  0.0242  0.0244  0.0242  0.0243  0.0241  0.0241
  0.0247  0.0245  0.0243  0.0250  0.0247  0.0246  0.0245  0.0251  0.0244  0.0247  0.0243  0.0243
   -1.3141    5.1338   -1.4501  -10.4440  -21.4673  -13.9207
    0.2251   -0.0708    1.3086   30.3843    3.0158  -28.3669
eta,q 0.97604 11.68688

---------------------------------------------------------------------
compute_vox2vox talsrcimg talsrcimg_to_711-2C_as_mni_average_305_t4 /usr/local/freesurfer/8.1.0/average/711-2C_as_mni_average_305
---------------------------------------------------------------------

freesurfer compute_vox2vox.c
Reading: talsrcimg.4dfp.ifh
Reading: talsrcimg_to_711-2C_as_mni_average_305_t4
Reading: /usr/local/freesurfer/8.1.0/average/711-2C_as_mni_average_305.4dfp.ifh
Writing: talsrcimg_to_711-2C_as_mni_average_305_t4_vox2vox.txt

start time Sat Feb 14 18:24:49 +07 2026
end		time Sat Feb 14 18:25:04 +07 2026

mpr2mni305 success

avi2talxfm /mnt/c/Users/ADMIN/Desktop/MRI/alzheimer/subjects2/OAS1_0001_MR1_mpr_n4_anon_sbj_111/mri/orig.mgz /usr/local/freesurfer/8.1.0/average/mni305.cor.mgz talsrcimg_to_711-2C_as_mni_average_305_t4_vox2vox.txt /mnt/c/Users/ADMIN/Desktop/MRI/alzheimer/subjects2/OAS1_0001_MR1_mpr_n4_anon_sbj_111/mri/transforms/talairach.xfm
avi2talxfm done
mv -f /mnt/c/Users/ADMIN/Desktop/MRI/alzheimer/talsrcimg_to_711-2C_as_mni_average_305_t4_vox2vox.txt /mnt/c/Users/ADMIN/Desktop/MRI/alzheimer/subjects2/OAS1_0001_MR1_mpr_n4_anon_sbj_111/mri/transforms/talsrcimg_to_711-2C_as_mni_average_305_t4_vox2vox.txt
lta_convert --src /mnt/c/Users/ADMIN/Desktop/MRI/alzheimer/subjects2/OAS1_0001_MR1_mpr_n4_anon_sbj_111/mri/orig.mgz --trg /usr/local/freesurfer/8.1.0/average/mni305.cor.mgz --inxfm /mnt/c/Users/ADMIN/Desktop/MRI/alzheimer/subjects2/OAS1_0001_MR1_mpr_n4_anon_sbj_111/mri/transforms/talairach.xfm --outlta /mnt/c/Users/ADMIN/Desktop/MRI/alzheimer/subjects2/OAS1_0001_MR1_mpr_n4_anon_sbj_111/mri/transforms/talairach.xfm.lta --subject fsaverage
8.1.0

--src: /mnt/c/Users/ADMIN/Desktop/MRI/alzheimer/subjects2/OAS1_0001_MR1_mpr_n4_anon_sbj_111/mri/orig.mgz src image (geometry).
--trg: /usr/local/freesurfer/8.1.0/average/mni305.cor.mgz trg image (geometry).
--inmni: /mnt/c/Users/ADMIN/Desktop/MRI/alzheimer/subjects2/OAS1_0001_MR1_mpr_n4_anon_sbj_111/mri/transforms/talairach.xfm input MNI/XFM transform.
--outlta: /mnt/c/Users/ADMIN/Desktop/MRI/alzheimer/subjects2/OAS1_0001_MR1_mpr_n4_anon_sbj_111/mri/transforms/talairach.xfm.lta output LTA.
--s: fsaverage subject name
 LTA read, type : 1
 1.11660   0.00182  -0.00254   1.48488;
-0.04013   1.03028   0.37227  -0.43959;
-0.00308  -0.39865   1.12937  -6.77870;
 0.00000   0.00000   0.00000   1.00000;
setting subject to fsaverage
Writing  LTA to file /mnt/c/Users/ADMIN/Desktop/MRI/alzheimer/subjects2/OAS1_0001_MR1_mpr_n4_anon_sbj_111/mri/transforms/talairach.xfm.lta...
lta_convert successful.
 
 
Started at Sat Feb 14 18:24:47 +07 2026
Ended   at Sat Feb 14 18:25:05 +07 2026
talairach_avi done
